[debug] [2022-03-30T15:42:30.030Z] ----------------------------------------------------------------------
[debug] [2022-03-30T15:42:30.034Z] Command:       C:\Program Files\nodejs\node.exe C:\Users\MBHNK\AppData\Roaming\npm\node_modules\firebase-tools\lib\bin\firebase.js emulators:start
[debug] [2022-03-30T15:42:30.034Z] CLI Version:   10.5.0
[debug] [2022-03-30T15:42:30.034Z] Platform:      win32
[debug] [2022-03-30T15:42:30.034Z] Node Version:  v14.16.0
[debug] [2022-03-30T15:42:30.036Z] Time:          Wed Mar 30 2022 17:42:30 GMT+0200 (South Africa Standard Time)
[debug] [2022-03-30T15:42:30.036Z] ----------------------------------------------------------------------
[debug] 
[debug] [2022-03-30T15:42:30.124Z] > command requires scopes: ["email","openid","https://www.googleapis.com/auth/cloudplatformprojects.readonly","https://www.googleapis.com/auth/firebase","https://www.googleapis.com/auth/cloud-platform"]
[debug] [2022-03-30T15:42:30.124Z] > authorizing via signed-in user (nkululekodotio@gmail.com)
[info] i  emulators: Starting emulators: functions, hosting {"metadata":{"emulator":{"name":"hub"},"message":"Starting emulators: functions, hosting"}}
[debug] [2022-03-30T15:42:30.172Z] [hub] writing locator at C:\Users\MBHNK\AppData\Local\Temp\hub-nkululeko-store.json
[warn] !  functions: The following emulators are not running, calls to these services from the Functions emulator will affect production: auth, firestore, database, pubsub, storage {"metadata":{"emulator":{"name":"functions"},"message":"The following emulators are not running, calls to these services from the Functions emulator will affect production: \u001b[1mauth, firestore, database, pubsub, storage\u001b[22m"}}
[warn] !  Your requested "node" version "16" doesn't match your global version "14". Using node@14 from host. {"metadata":{"emulator":{"name":"functions"},"message":"Your requested \"node\" version \"16\" doesn't match your global version \"14\". Using node@14 from host."}}
[debug] [2022-03-30T15:42:30.195Z] defaultcredentials: writing to file C:\Users\MBHNK\AppData\Roaming\firebase\nkululekodotio_gmail_com_application_default_credentials.json
[debug] [2022-03-30T15:42:30.198Z] Setting GAC to C:\Users\MBHNK\AppData\Roaming\firebase\nkululekodotio_gmail_com_application_default_credentials.json {"metadata":{"emulator":{"name":"functions"},"message":"Setting GAC to C:\\Users\\MBHNK\\AppData\\Roaming\\firebase\\nkululekodotio_gmail_com_application_default_credentials.json"}}
[debug] [2022-03-30T15:42:30.202Z] >>> [apiv2][query] GET https://firebase.googleapis.com/v1beta1/projects/nkululeko-store/adminSdkConfig [none]
[debug] [2022-03-30T15:42:30.781Z] <<< [apiv2][status] GET https://firebase.googleapis.com/v1beta1/projects/nkululeko-store/adminSdkConfig 200
[debug] [2022-03-30T15:42:30.781Z] <<< [apiv2][body] GET https://firebase.googleapis.com/v1beta1/projects/nkululeko-store/adminSdkConfig {"projectId":"nkululeko-store","databaseURL":"https://nkululeko-store-default-rtdb.firebaseio.com","storageBucket":"nkululeko-store.appspot.com","locationId":"us-central"}
[debug] [2022-03-30T15:42:30.797Z] >>> [apiv2][query] GET https://firebasehosting.googleapis.com/v1beta1/projects/nkululeko-store/sites 
[debug] [2022-03-30T15:42:32.987Z] <<< [apiv2][status] GET https://firebasehosting.googleapis.com/v1beta1/projects/nkululeko-store/sites 200
[debug] [2022-03-30T15:42:32.987Z] <<< [apiv2][body] GET https://firebasehosting.googleapis.com/v1beta1/projects/nkululeko-store/sites {"sites":[{"name":"projects/483233806135/sites/merchsite","defaultUrl":"https://merchsite.web.app","type":"USER_SITE"},{"name":"projects/483233806135/sites/nkululeko-store","defaultUrl":"https://nkululeko-store.web.app","type":"DEFAULT_SITE"}]}
[debug] [2022-03-30T15:42:32.988Z] >>> [apiv2][query] GET https://firebase.googleapis.com/v1beta1/projects/nkululeko-store/webApps/-/config [none]
[debug] [2022-03-30T15:42:34.972Z] <<< [apiv2][status] GET https://firebase.googleapis.com/v1beta1/projects/nkululeko-store/webApps/-/config 200
[debug] [2022-03-30T15:42:34.973Z] <<< [apiv2][body] GET https://firebase.googleapis.com/v1beta1/projects/nkululeko-store/webApps/-/config {"projectId":"nkululeko-store","appId":"1:483233806135:web:580d23c5ba78eb87dd8cb2","databaseURL":"https://nkululeko-store-default-rtdb.firebaseio.com","storageBucket":"nkululeko-store.appspot.com","locationId":"us-central","apiKey":"AIzaSyDqZZ98FjdW_US5jmXUJKjH3slgUmUB7f0","authDomain":"nkululeko-store.firebaseapp.com","messagingSenderId":"483233806135","measurementId":"G-DFB1ZP5D02"}
[info] i  hosting[merchsite]: Serving hosting files from: build {"metadata":{"emulator":{"name":"hosting"},"message":"Serving hosting files from: \u001b[1mbuild\u001b[22m"}}
[info] +  hosting[merchsite]: Local server: http://localhost:5000 {"metadata":{"emulator":{"name":"hosting"},"message":"Local server: \u001b[4m\u001b[1mhttp://localhost:5000\u001b[22m\u001b[24m"}}
[debug] [2022-03-30T15:42:35.017Z] Ignoring unsupported arg: auto_download {"metadata":{"emulator":{"name":"ui"},"message":"Ignoring unsupported arg: auto_download"}}
[debug] [2022-03-30T15:42:35.017Z] Ignoring unsupported arg: port {"metadata":{"emulator":{"name":"ui"},"message":"Ignoring unsupported arg: port"}}
[debug] [2022-03-30T15:42:35.017Z] Starting Emulator UI with command {"binary":"node","args":["C:\\Users\\MBHNK\\.cache\\firebase\\emulators\\ui-v1.6.5\\server.bundle.js"],"optionalArgs":[],"joinArgs":false} {"metadata":{"emulator":{"name":"ui"},"message":"Starting Emulator UI with command {\"binary\":\"node\",\"args\":[\"C:\\\\Users\\\\MBHNK\\\\.cache\\\\firebase\\\\emulators\\\\ui-v1.6.5\\\\server.bundle.js\"],\"optionalArgs\":[],\"joinArgs\":false}"}}
[info] i  ui: Emulator UI logging to ui-debug.log {"metadata":{"emulator":{"name":"ui"},"message":"Emulator UI logging to \u001b[1mui-debug.log\u001b[22m"}}
[debug] [2022-03-30T15:42:35.208Z] Web / API server started at localhost:4000
 {"metadata":{"emulator":{"name":"ui"},"message":"Web / API server started at localhost:4000\n"}}
[info] i  functions: Watching "L:\_store-site\Nkululeko Store\business-clothing-site\functions" for Cloud Functions... {"metadata":{"emulator":{"name":"functions"},"message":"Watching \"L:\\_store-site\\Nkululeko Store\\business-clothing-site\\functions\" for Cloud Functions..."}}
[debug] [2022-03-30T15:42:35.299Z] Validating nodejs source
[debug] [2022-03-30T15:42:38.329Z] > [functions] package.json contents: {
  "name": "functions",
  "description": "Cloud Functions for Firebase",
  "scripts": {
    "serve": "firebase emulators:start --only functions",
    "shell": "firebase functions:shell",
    "start": "npm run shell",
    "deploy": "firebase deploy --only functions",
    "logs": "firebase functions:log"
  },
  "engines": {
    "node": "16"
  },
  "main": "index.js",
  "dependencies": {
    "body-parser": "^1.19.2",
    "express": "^4.17.3",
    "firebase-admin": "^10.0.2",
    "firebase-functions": "^3.18.0",
    "firebase-functions-helper": "^0.12.0"
  },
  "devDependencies": {
    "firebase-functions-test": "^0.2.0"
  },
  "private": true
}
[debug] [2022-03-30T15:42:38.329Z] Building nodejs source
[debug] [2022-03-30T15:42:38.329Z] Analyzing nodejs backend spec
[info] +  functions[us-central1-webApi]: http function initialized (http://localhost:5001/nkululeko-store/us-central1/webApi). {"metadata":{"emulator":{"name":"functions"},"message":"\u001b[1mhttp\u001b[22m function initialized (http://localhost:5001/nkululeko-store/us-central1/webApi)."}}
[info] 
┌─────────────────────────────────────────────────────────────┐
│ ✔  All emulators ready! It is now safe to connect your app. │
│ i  View Emulator UI at http://localhost:4000                │
└─────────────────────────────────────────────────────────────┘

┌───────────┬────────────────┬─────────────────────────────────┐
│ Emulator  │ Host:Port      │ View in Emulator UI             │
├───────────┼────────────────┼─────────────────────────────────┤
│ Functions │ localhost:5001 │ http://localhost:4000/functions │
├───────────┼────────────────┼─────────────────────────────────┤
│ Hosting   │ localhost:5000 │ n/a                             │
└───────────┴────────────────┴─────────────────────────────────┘
  Emulator Hub running at localhost:4400
  Other reserved ports: 4500

Issues? Report them at https://github.com/firebase/firebase-tools/issues and attach the *-debug.log files.
 
[debug] [2022-03-30T15:43:15.462Z] [work-queue] {"queueLength":1,"workRunningCount":0}
[debug] [2022-03-30T15:43:15.463Z] [work-queue] {"queueLength":0,"workRunningCount":1}
[debug] [2022-03-30T15:43:15.464Z] Accepted request GET /nkululeko-store/us-central1/webApi --> us-central1-webApi
[debug] [2022-03-30T15:43:15.476Z] [worker-pool] addWorker(us-central1-webApi) {"metadata":{"emulator":{"name":"functions"},"message":"[worker-pool] addWorker(us-central1-webApi)"}}
[debug] [2022-03-30T15:43:15.477Z] [worker-pool] Adding worker with key us-central1-webApi, total=1 {"metadata":{"emulator":{"name":"functions"},"message":"[worker-pool] Adding worker with key us-central1-webApi, total=1"}}
[debug] [2022-03-30T15:43:15.477Z] [worker-pool] submitWork(triggerId=us-central1-webApi) {"metadata":{"emulator":{"name":"functions"},"message":"[worker-pool] submitWork(triggerId=us-central1-webApi)"}}
[debug] [2022-03-30T15:43:15.478Z] [worker-us-central1-webApi-7a0078a7-199a-4d6f-8414-de00ec93b780]: Assigning socketPath: \\?\pipe\L:\_store-site\Nkululeko Store\business-clothing-site\functions\4964 {"metadata":{"emulator":{"name":"functions"},"message":"[worker-us-central1-webApi-7a0078a7-199a-4d6f-8414-de00ec93b780]: Assigning socketPath: \\\\?\\pipe\\L:\\_store-site\\Nkululeko Store\\business-clothing-site\\functions\\4964"}}
[debug] [2022-03-30T15:43:15.478Z] [worker-us-central1-webApi-7a0078a7-199a-4d6f-8414-de00ec93b780]: BUSY {"metadata":{"emulator":{"name":"functions"},"message":"[worker-us-central1-webApi-7a0078a7-199a-4d6f-8414-de00ec93b780]: BUSY"}}
[debug] [2022-03-30T15:43:17.033Z] [runtime-status] [4964] Functions runtime initialized. {"cwd":"L:\\_store-site\\Nkululeko Store\\business-clothing-site\\functions","node_version":"14.16.0"} {"metadata":{"emulator":{"name":"functions"},"function":{"name":"us-central1-webApi"},"extension":{},"message":"[runtime-status] [4964] Functions runtime initialized. {\"cwd\":\"L:\\\\_store-site\\\\Nkululeko Store\\\\business-clothing-site\\\\functions\",\"node_version\":\"14.16.0\"}"}}
[debug] [2022-03-30T15:43:17.034Z] [runtime-status] [4964] Disabled runtime features: undefined {"metadata":{"emulator":{"name":"functions"},"function":{"name":"us-central1-webApi"},"extension":{},"message":"[runtime-status] [4964] Disabled runtime features: undefined"}}
[debug] [2022-03-30T15:43:17.037Z] [runtime-status] [4964] Resolved module firebase-admin {"declared":true,"installed":true,"version":"10.0.2","resolution":"L:\\_store-site\\Nkululeko Store\\business-clothing-site\\functions\\node_modules\\firebase-admin\\lib\\index.js"} {"metadata":{"emulator":{"name":"functions"},"function":{"name":"us-central1-webApi"},"extension":{},"message":"[runtime-status] [4964] Resolved module firebase-admin {\"declared\":true,\"installed\":true,\"version\":\"10.0.2\",\"resolution\":\"L:\\\\_store-site\\\\Nkululeko Store\\\\business-clothing-site\\\\functions\\\\node_modules\\\\firebase-admin\\\\lib\\\\index.js\"}"}}
[debug] [2022-03-30T15:43:17.039Z] [runtime-status] [4964] Resolved module firebase-functions {"declared":true,"installed":true,"version":"3.19.0","resolution":"L:\\_store-site\\Nkululeko Store\\business-clothing-site\\functions\\node_modules\\firebase-functions\\lib\\index.js"} {"metadata":{"emulator":{"name":"functions"},"function":{"name":"us-central1-webApi"},"extension":{},"message":"[runtime-status] [4964] Resolved module firebase-functions {\"declared\":true,\"installed\":true,\"version\":\"3.19.0\",\"resolution\":\"L:\\\\_store-site\\\\Nkululeko Store\\\\business-clothing-site\\\\functions\\\\node_modules\\\\firebase-functions\\\\lib\\\\index.js\"}"}}
[debug] [2022-03-30T15:43:17.040Z] [runtime-status] [4964] Outgoing network have been stubbed. [{"name":"http","status":"mocked"},{"name":"http","status":"mocked"},{"name":"https","status":"mocked"},{"name":"https","status":"mocked"},{"name":"net","status":"mocked"}] {"metadata":{"emulator":{"name":"functions"},"function":{"name":"us-central1-webApi"},"extension":{},"message":"[runtime-status] [4964] Outgoing network have been stubbed. [{\"name\":\"http\",\"status\":\"mocked\"},{\"name\":\"http\",\"status\":\"mocked\"},{\"name\":\"https\",\"status\":\"mocked\"},{\"name\":\"https\",\"status\":\"mocked\"},{\"name\":\"net\",\"status\":\"mocked\"}]"}}
[debug] [2022-03-30T15:43:17.041Z] [runtime-status] [4964] Resolved module firebase-functions {"declared":true,"installed":true,"version":"3.19.0","resolution":"L:\\_store-site\\Nkululeko Store\\business-clothing-site\\functions\\node_modules\\firebase-functions\\lib\\index.js"} {"metadata":{"emulator":{"name":"functions"},"function":{"name":"us-central1-webApi"},"extension":{},"message":"[runtime-status] [4964] Resolved module firebase-functions {\"declared\":true,\"installed\":true,\"version\":\"3.19.0\",\"resolution\":\"L:\\\\_store-site\\\\Nkululeko Store\\\\business-clothing-site\\\\functions\\\\node_modules\\\\firebase-functions\\\\lib\\\\index.js\"}"}}
[debug] [2022-03-30T15:43:17.091Z] [runtime-status] [4964] Checked functions.config() {"config":{}} {"metadata":{"emulator":{"name":"functions"},"function":{"name":"us-central1-webApi"},"extension":{},"message":"[runtime-status] [4964] Checked functions.config() {\"config\":{}}"}}
[debug] [2022-03-30T15:43:17.092Z] [runtime-status] [4964] firebase-functions has been stubbed. {"functionsResolution":{"declared":true,"installed":true,"version":"3.19.0","resolution":"L:\\_store-site\\Nkululeko Store\\business-clothing-site\\functions\\node_modules\\firebase-functions\\lib\\index.js"}} {"metadata":{"emulator":{"name":"functions"},"function":{"name":"us-central1-webApi"},"extension":{},"message":"[runtime-status] [4964] firebase-functions has been stubbed. {\"functionsResolution\":{\"declared\":true,\"installed\":true,\"version\":\"3.19.0\",\"resolution\":\"L:\\\\_store-site\\\\Nkululeko Store\\\\business-clothing-site\\\\functions\\\\node_modules\\\\firebase-functions\\\\lib\\\\index.js\"}}"}}
[debug] [2022-03-30T15:43:17.092Z] [runtime-status] [4964] Resolved module firebase-functions {"declared":true,"installed":true,"version":"3.19.0","resolution":"L:\\_store-site\\Nkululeko Store\\business-clothing-site\\functions\\node_modules\\firebase-functions\\lib\\index.js"} {"metadata":{"emulator":{"name":"functions"},"function":{"name":"us-central1-webApi"},"extension":{},"message":"[runtime-status] [4964] Resolved module firebase-functions {\"declared\":true,\"installed\":true,\"version\":\"3.19.0\",\"resolution\":\"L:\\\\_store-site\\\\Nkululeko Store\\\\business-clothing-site\\\\functions\\\\node_modules\\\\firebase-functions\\\\lib\\\\index.js\"}"}}
[debug] [2022-03-30T15:43:17.094Z] [runtime-status] [4964] Resolved module firebase-admin {"declared":true,"installed":true,"version":"10.0.2","resolution":"L:\\_store-site\\Nkululeko Store\\business-clothing-site\\functions\\node_modules\\firebase-admin\\lib\\index.js"} {"metadata":{"emulator":{"name":"functions"},"function":{"name":"us-central1-webApi"},"extension":{},"message":"[runtime-status] [4964] Resolved module firebase-admin {\"declared\":true,\"installed\":true,\"version\":\"10.0.2\",\"resolution\":\"L:\\\\_store-site\\\\Nkululeko Store\\\\business-clothing-site\\\\functions\\\\node_modules\\\\firebase-admin\\\\lib\\\\index.js\"}"}}
[debug] [2022-03-30T15:43:17.095Z] [runtime-status] [4964] Resolved module firebase-functions {"declared":true,"installed":true,"version":"3.19.0","resolution":"L:\\_store-site\\Nkululeko Store\\business-clothing-site\\functions\\node_modules\\firebase-functions\\lib\\index.js"} {"metadata":{"emulator":{"name":"functions"},"function":{"name":"us-central1-webApi"},"extension":{},"message":"[runtime-status] [4964] Resolved module firebase-functions {\"declared\":true,\"installed\":true,\"version\":\"3.19.0\",\"resolution\":\"L:\\\\_store-site\\\\Nkululeko Store\\\\business-clothing-site\\\\functions\\\\node_modules\\\\firebase-functions\\\\lib\\\\index.js\"}"}}
[debug] [2022-03-30T15:43:17.095Z] [runtime-status] [4964] firebase-admin has been stubbed. {"adminResolution":{"declared":true,"installed":true,"version":"10.0.2","resolution":"L:\\_store-site\\Nkululeko Store\\business-clothing-site\\functions\\node_modules\\firebase-admin\\lib\\index.js"}} {"metadata":{"emulator":{"name":"functions"},"function":{"name":"us-central1-webApi"},"extension":{},"message":"[runtime-status] [4964] firebase-admin has been stubbed. {\"adminResolution\":{\"declared\":true,\"installed\":true,\"version\":\"10.0.2\",\"resolution\":\"L:\\\\_store-site\\\\Nkululeko Store\\\\business-clothing-site\\\\functions\\\\node_modules\\\\firebase-admin\\\\lib\\\\index.js\"}}"}}
[warn] !  It looks like you're trying to access functions.config().firebase but there is no value there. You can learn more about setting up config here: https://firebase.google.com/docs/functions/local-emulator {"metadata":{"emulator":{"name":"functions"},"function":{"name":"us-central1-webApi"},"extension":{},"message":"It looks like you're trying to access functions.config().firebase but there is no value there. You can learn more about setting up config here: https://firebase.google.com/docs/functions/local-emulator"}}
[debug] [2022-03-30T15:43:17.233Z] [runtime-status] [4964] initializeApp(DEFAULT) {"storageBucket":"nkululeko-store.appspot.com","databaseURL":"https://nkululeko-store-default-rtdb.firebaseio.com","projectId":"nkululeko-store"} {"metadata":{"emulator":{"name":"functions"},"function":{"name":"us-central1-webApi"},"extension":{},"message":"[runtime-status] [4964] initializeApp(DEFAULT) {\"storageBucket\":\"nkululeko-store.appspot.com\",\"databaseURL\":\"https://nkululeko-store-default-rtdb.firebaseio.com\",\"projectId\":\"nkululeko-store\"}"}}
[warn] !  functions: The Cloud Firestore emulator is not running, so calls to Firestore will affect production. {"metadata":{"emulator":{"name":"functions"},"function":{"name":"us-central1-webApi"},"extension":{},"message":"The Cloud Firestore emulator is not running, so calls to Firestore will affect production."}}
[debug] [2022-03-30T15:43:17.277Z] [runtime-status] [4964] Beginning invocation function webApi! {"metadata":{"emulator":{"name":"functions"},"function":{"name":"us-central1-webApi"},"extension":{},"message":"[runtime-status] [4964] Beginning invocation function webApi!"}}
[info] i  functions: Beginning execution of "webApi" {"metadata":{"emulator":{"name":"functions"},"function":{"name":"us-central1-webApi"},"extension":{},"message":"Beginning execution of \"webApi\""}}
[debug] [2022-03-30T15:43:17.279Z] [runtime-status] [4964] Running webApi in signature http {"metadata":{"emulator":{"name":"functions"},"function":{"name":"us-central1-webApi"},"extension":{},"message":"[runtime-status] [4964] Running webApi in signature http"}}
[debug] [2022-03-30T15:43:17.287Z] [runtime-status] [4964] Attempting to listen to socketPath: \\?\pipe\L:\_store-site\Nkululeko Store\business-clothing-site\functions\4964 {"metadata":{"emulator":{"name":"functions"},"function":{"name":"us-central1-webApi"},"extension":{},"message":"[runtime-status] [4964] Attempting to listen to socketPath: \\\\?\\pipe\\L:\\_store-site\\Nkululeko Store\\business-clothing-site\\functions\\4964"}}
[debug] [2022-03-30T15:43:17.294Z] [functions] Runtime ready! Sending request! {"metadata":{"emulator":{"name":"functions"},"message":"[functions] Runtime ready! Sending request!"}}
[debug] [2022-03-30T15:43:17.295Z] [functions] Got req.url=/nkululeko-store/us-central1/webApi, mapping to path=/ {"metadata":{"emulator":{"name":"functions"},"message":"[functions] Got req.url=/nkululeko-store/us-central1/webApi, mapping to path=/"}}
[debug] [2022-03-30T15:43:17.302Z] [runtime-status] [4964] Ephemeral server handling GET request {"metadata":{"emulator":{"name":"functions"},"function":{"name":"us-central1-webApi"},"extension":{},"message":"[runtime-status] [4964] Ephemeral server handling GET request"}}
[warn] !  Google API requested!
   - URL: "https://oauth2.googleapis.com/token"
   - Be careful, this may be a production service. {"metadata":{"emulator":{"name":"functions"},"function":{"name":"us-central1-webApi"},"extension":{},"message":"Google API requested!\n   - URL: \"https://oauth2.googleapis.com/token\"\n   - Be careful, this may be a production service."}}
[debug] [2022-03-30T15:43:20.220Z] [runtime-status] [4964] Ephemeral server survived. {"metadata":{"emulator":{"name":"functions"},"function":{"name":"us-central1-webApi"},"extension":{},"message":"[runtime-status] [4964] Ephemeral server survived."}}
[info] i  functions: Finished "webApi" in ~2s {"metadata":{"emulator":{"name":"functions"},"function":{"name":"us-central1-webApi"},"extension":{},"message":"Finished \"webApi\" in ~2s"}}
[debug] [2022-03-30T15:43:20.223Z] [worker-us-central1-webApi-7a0078a7-199a-4d6f-8414-de00ec93b780]: IDLE {"metadata":{"emulator":{"name":"functions"},"message":"[worker-us-central1-webApi-7a0078a7-199a-4d6f-8414-de00ec93b780]: IDLE"}}
[debug] [2022-03-30T15:43:20.224Z] [work-queue] {"queueLength":0,"workRunningCount":0}
[debug] [2022-03-30T15:52:14.757Z] [work-queue] {"queueLength":1,"workRunningCount":0}
[debug] [2022-03-30T15:52:14.757Z] [work-queue] {"queueLength":0,"workRunningCount":1}
[debug] [2022-03-30T15:52:14.757Z] Accepted request GET /nkululeko-store/us-central1/webApi --> us-central1-webApi
[debug] [2022-03-30T15:52:14.757Z] [worker-pool] submitWork(triggerId=us-central1-webApi) {"metadata":{"emulator":{"name":"functions"},"message":"[worker-pool] submitWork(triggerId=us-central1-webApi)"}}
[debug] [2022-03-30T15:52:14.758Z] [worker-us-central1-webApi-7a0078a7-199a-4d6f-8414-de00ec93b780]: Assigning socketPath: \\?\pipe\L:\_store-site\Nkululeko Store\business-clothing-site\functions\4964 {"metadata":{"emulator":{"name":"functions"},"message":"[worker-us-central1-webApi-7a0078a7-199a-4d6f-8414-de00ec93b780]: Assigning socketPath: \\\\?\\pipe\\L:\\_store-site\\Nkululeko Store\\business-clothing-site\\functions\\4964"}}
[debug] [2022-03-30T15:52:14.758Z] [worker-us-central1-webApi-7a0078a7-199a-4d6f-8414-de00ec93b780]: BUSY {"metadata":{"emulator":{"name":"functions"},"message":"[worker-us-central1-webApi-7a0078a7-199a-4d6f-8414-de00ec93b780]: BUSY"}}
[debug] [2022-03-30T15:52:14.760Z] [runtime-status] [4964] Beginning invocation function webApi! {"metadata":{"emulator":{"name":"functions"},"function":{"name":"us-central1-webApi"},"extension":{},"message":"[runtime-status] [4964] Beginning invocation function webApi!"}}
[info] i  functions: Beginning execution of "webApi" {"metadata":{"emulator":{"name":"functions"},"function":{"name":"us-central1-webApi"},"extension":{},"message":"Beginning execution of \"webApi\""}}
[debug] [2022-03-30T15:52:14.762Z] [runtime-status] [4964] Running webApi in signature http {"metadata":{"emulator":{"name":"functions"},"function":{"name":"us-central1-webApi"},"extension":{},"message":"[runtime-status] [4964] Running webApi in signature http"}}
[debug] [2022-03-30T15:52:14.763Z] [runtime-status] [4964] Attempting to listen to socketPath: \\?\pipe\L:\_store-site\Nkululeko Store\business-clothing-site\functions\4964 {"metadata":{"emulator":{"name":"functions"},"function":{"name":"us-central1-webApi"},"extension":{},"message":"[runtime-status] [4964] Attempting to listen to socketPath: \\\\?\\pipe\\L:\\_store-site\\Nkululeko Store\\business-clothing-site\\functions\\4964"}}
[debug] [2022-03-30T15:52:14.771Z] [functions] Runtime ready! Sending request! {"metadata":{"emulator":{"name":"functions"},"message":"[functions] Runtime ready! Sending request!"}}
[debug] [2022-03-30T15:52:14.772Z] [functions] Got req.url=/nkululeko-store/us-central1/webApi, mapping to path=/ {"metadata":{"emulator":{"name":"functions"},"message":"[functions] Got req.url=/nkululeko-store/us-central1/webApi, mapping to path=/"}}
[debug] [2022-03-30T15:52:14.776Z] [runtime-status] [4964] Ephemeral server handling GET request {"metadata":{"emulator":{"name":"functions"},"function":{"name":"us-central1-webApi"},"extension":{},"message":"[runtime-status] [4964] Ephemeral server handling GET request"}}
[debug] [2022-03-30T15:52:16.899Z] [runtime-status] [4964] Ephemeral server survived. {"metadata":{"emulator":{"name":"functions"},"function":{"name":"us-central1-webApi"},"extension":{},"message":"[runtime-status] [4964] Ephemeral server survived."}}
[info] i  functions: Finished "webApi" in ~2s {"metadata":{"emulator":{"name":"functions"},"function":{"name":"us-central1-webApi"},"extension":{},"message":"Finished \"webApi\" in ~2s"}}
[debug] [2022-03-30T15:52:16.901Z] [worker-us-central1-webApi-7a0078a7-199a-4d6f-8414-de00ec93b780]: IDLE {"metadata":{"emulator":{"name":"functions"},"message":"[worker-us-central1-webApi-7a0078a7-199a-4d6f-8414-de00ec93b780]: IDLE"}}
[debug] [2022-03-30T15:52:16.902Z] [work-queue] {"queueLength":0,"workRunningCount":0}
[debug] [2022-03-30T15:52:52.742Z] [work-queue] {"queueLength":1,"workRunningCount":0}
[debug] [2022-03-30T15:52:52.742Z] [work-queue] {"queueLength":0,"workRunningCount":1}
[debug] [2022-03-30T15:52:52.743Z] Accepted request GET /nkululeko-store/us-central1/webApi --> us-central1-webApi
[debug] [2022-03-30T15:52:52.743Z] [worker-pool] submitWork(triggerId=us-central1-webApi) {"metadata":{"emulator":{"name":"functions"},"message":"[worker-pool] submitWork(triggerId=us-central1-webApi)"}}
[debug] [2022-03-30T15:52:52.744Z] [worker-us-central1-webApi-7a0078a7-199a-4d6f-8414-de00ec93b780]: Assigning socketPath: \\?\pipe\L:\_store-site\Nkululeko Store\business-clothing-site\functions\4964 {"metadata":{"emulator":{"name":"functions"},"message":"[worker-us-central1-webApi-7a0078a7-199a-4d6f-8414-de00ec93b780]: Assigning socketPath: \\\\?\\pipe\\L:\\_store-site\\Nkululeko Store\\business-clothing-site\\functions\\4964"}}
[debug] [2022-03-30T15:52:52.744Z] [worker-us-central1-webApi-7a0078a7-199a-4d6f-8414-de00ec93b780]: BUSY {"metadata":{"emulator":{"name":"functions"},"message":"[worker-us-central1-webApi-7a0078a7-199a-4d6f-8414-de00ec93b780]: BUSY"}}
[debug] [2022-03-30T15:52:52.745Z] [runtime-status] [4964] Beginning invocation function webApi! {"metadata":{"emulator":{"name":"functions"},"function":{"name":"us-central1-webApi"},"extension":{},"message":"[runtime-status] [4964] Beginning invocation function webApi!"}}
[info] i  functions: Beginning execution of "webApi" {"metadata":{"emulator":{"name":"functions"},"function":{"name":"us-central1-webApi"},"extension":{},"message":"Beginning execution of \"webApi\""}}
[debug] [2022-03-30T15:52:52.748Z] [runtime-status] [4964] Running webApi in signature http {"metadata":{"emulator":{"name":"functions"},"function":{"name":"us-central1-webApi"},"extension":{},"message":"[runtime-status] [4964] Running webApi in signature http"}}
[debug] [2022-03-30T15:52:52.749Z] [runtime-status] [4964] Attempting to listen to socketPath: \\?\pipe\L:\_store-site\Nkululeko Store\business-clothing-site\functions\4964 {"metadata":{"emulator":{"name":"functions"},"function":{"name":"us-central1-webApi"},"extension":{},"message":"[runtime-status] [4964] Attempting to listen to socketPath: \\\\?\\pipe\\L:\\_store-site\\Nkululeko Store\\business-clothing-site\\functions\\4964"}}
[debug] [2022-03-30T15:52:52.753Z] [functions] Runtime ready! Sending request! {"metadata":{"emulator":{"name":"functions"},"message":"[functions] Runtime ready! Sending request!"}}
[debug] [2022-03-30T15:52:52.754Z] [functions] Got req.url=/nkululeko-store/us-central1/webApi, mapping to path=/ {"metadata":{"emulator":{"name":"functions"},"message":"[functions] Got req.url=/nkululeko-store/us-central1/webApi, mapping to path=/"}}
[debug] [2022-03-30T15:52:52.758Z] [runtime-status] [4964] Ephemeral server handling GET request {"metadata":{"emulator":{"name":"functions"},"function":{"name":"us-central1-webApi"},"extension":{},"message":"[runtime-status] [4964] Ephemeral server handling GET request"}}
[debug] [2022-03-30T15:52:53.162Z] [runtime-status] [4964] Ephemeral server survived. {"metadata":{"emulator":{"name":"functions"},"function":{"name":"us-central1-webApi"},"extension":{},"message":"[runtime-status] [4964] Ephemeral server survived."}}
[info] i  functions: Finished "webApi" in ~1s {"metadata":{"emulator":{"name":"functions"},"function":{"name":"us-central1-webApi"},"extension":{},"message":"Finished \"webApi\" in ~1s"}}
[debug] [2022-03-30T15:52:53.165Z] [worker-us-central1-webApi-7a0078a7-199a-4d6f-8414-de00ec93b780]: IDLE {"metadata":{"emulator":{"name":"functions"},"message":"[worker-us-central1-webApi-7a0078a7-199a-4d6f-8414-de00ec93b780]: IDLE"}}
[debug] [2022-03-30T15:52:53.165Z] [work-queue] {"queueLength":0,"workRunningCount":0}
[debug] [2022-03-30T15:54:14.519Z] [work-queue] {"queueLength":1,"workRunningCount":0}
[debug] [2022-03-30T15:54:14.520Z] [work-queue] {"queueLength":0,"workRunningCount":1}
[debug] [2022-03-30T15:54:14.520Z] Accepted request GET /nkululeko-store/us-central1/webApi --> us-central1-webApi
[debug] [2022-03-30T15:54:14.521Z] [worker-pool] submitWork(triggerId=us-central1-webApi) {"metadata":{"emulator":{"name":"functions"},"message":"[worker-pool] submitWork(triggerId=us-central1-webApi)"}}
[debug] [2022-03-30T15:54:14.521Z] [worker-us-central1-webApi-7a0078a7-199a-4d6f-8414-de00ec93b780]: Assigning socketPath: \\?\pipe\L:\_store-site\Nkululeko Store\business-clothing-site\functions\4964 {"metadata":{"emulator":{"name":"functions"},"message":"[worker-us-central1-webApi-7a0078a7-199a-4d6f-8414-de00ec93b780]: Assigning socketPath: \\\\?\\pipe\\L:\\_store-site\\Nkululeko Store\\business-clothing-site\\functions\\4964"}}
[debug] [2022-03-30T15:54:14.521Z] [worker-us-central1-webApi-7a0078a7-199a-4d6f-8414-de00ec93b780]: BUSY {"metadata":{"emulator":{"name":"functions"},"message":"[worker-us-central1-webApi-7a0078a7-199a-4d6f-8414-de00ec93b780]: BUSY"}}
[debug] [2022-03-30T15:54:14.522Z] [runtime-status] [4964] Beginning invocation function webApi! {"metadata":{"emulator":{"name":"functions"},"function":{"name":"us-central1-webApi"},"extension":{},"message":"[runtime-status] [4964] Beginning invocation function webApi!"}}
[info] i  functions: Beginning execution of "webApi" {"metadata":{"emulator":{"name":"functions"},"function":{"name":"us-central1-webApi"},"extension":{},"message":"Beginning execution of \"webApi\""}}
[debug] [2022-03-30T15:54:14.524Z] [runtime-status] [4964] Running webApi in signature http {"metadata":{"emulator":{"name":"functions"},"function":{"name":"us-central1-webApi"},"extension":{},"message":"[runtime-status] [4964] Running webApi in signature http"}}
[debug] [2022-03-30T15:54:14.525Z] [runtime-status] [4964] Attempting to listen to socketPath: \\?\pipe\L:\_store-site\Nkululeko Store\business-clothing-site\functions\4964 {"metadata":{"emulator":{"name":"functions"},"function":{"name":"us-central1-webApi"},"extension":{},"message":"[runtime-status] [4964] Attempting to listen to socketPath: \\\\?\\pipe\\L:\\_store-site\\Nkululeko Store\\business-clothing-site\\functions\\4964"}}
[debug] [2022-03-30T15:54:14.530Z] [functions] Runtime ready! Sending request! {"metadata":{"emulator":{"name":"functions"},"message":"[functions] Runtime ready! Sending request!"}}
[debug] [2022-03-30T15:54:14.530Z] [functions] Got req.url=/nkululeko-store/us-central1/webApi, mapping to path=/ {"metadata":{"emulator":{"name":"functions"},"message":"[functions] Got req.url=/nkululeko-store/us-central1/webApi, mapping to path=/"}}
[debug] [2022-03-30T15:54:14.536Z] [runtime-status] [4964] Ephemeral server handling GET request {"metadata":{"emulator":{"name":"functions"},"function":{"name":"us-central1-webApi"},"extension":{},"message":"[runtime-status] [4964] Ephemeral server handling GET request"}}
[debug] [2022-03-30T15:54:15.027Z] [runtime-status] [4964] Ephemeral server survived. {"metadata":{"emulator":{"name":"functions"},"function":{"name":"us-central1-webApi"},"extension":{},"message":"[runtime-status] [4964] Ephemeral server survived."}}
[info] i  functions: Finished "webApi" in ~1s {"metadata":{"emulator":{"name":"functions"},"function":{"name":"us-central1-webApi"},"extension":{},"message":"Finished \"webApi\" in ~1s"}}
[debug] [2022-03-30T15:54:15.033Z] [worker-us-central1-webApi-7a0078a7-199a-4d6f-8414-de00ec93b780]: IDLE {"metadata":{"emulator":{"name":"functions"},"message":"[worker-us-central1-webApi-7a0078a7-199a-4d6f-8414-de00ec93b780]: IDLE"}}
[debug] [2022-03-30T15:54:15.034Z] [work-queue] {"queueLength":0,"workRunningCount":0}
[debug] [2022-03-30T15:54:28.639Z] [work-queue] {"queueLength":1,"workRunningCount":0}
[debug] [2022-03-30T15:54:28.640Z] [work-queue] {"queueLength":0,"workRunningCount":1}
[debug] [2022-03-30T15:54:28.640Z] Accepted request GET /nkululeko-store/us-central1/webApi --> us-central1-webApi
[debug] [2022-03-30T15:54:28.640Z] [worker-pool] submitWork(triggerId=us-central1-webApi) {"metadata":{"emulator":{"name":"functions"},"message":"[worker-pool] submitWork(triggerId=us-central1-webApi)"}}
[debug] [2022-03-30T15:54:28.640Z] [worker-us-central1-webApi-7a0078a7-199a-4d6f-8414-de00ec93b780]: Assigning socketPath: \\?\pipe\L:\_store-site\Nkululeko Store\business-clothing-site\functions\4964 {"metadata":{"emulator":{"name":"functions"},"message":"[worker-us-central1-webApi-7a0078a7-199a-4d6f-8414-de00ec93b780]: Assigning socketPath: \\\\?\\pipe\\L:\\_store-site\\Nkululeko Store\\business-clothing-site\\functions\\4964"}}
[debug] [2022-03-30T15:54:28.641Z] [worker-us-central1-webApi-7a0078a7-199a-4d6f-8414-de00ec93b780]: BUSY {"metadata":{"emulator":{"name":"functions"},"message":"[worker-us-central1-webApi-7a0078a7-199a-4d6f-8414-de00ec93b780]: BUSY"}}
[debug] [2022-03-30T15:54:28.641Z] [runtime-status] [4964] Beginning invocation function webApi! {"metadata":{"emulator":{"name":"functions"},"function":{"name":"us-central1-webApi"},"extension":{},"message":"[runtime-status] [4964] Beginning invocation function webApi!"}}
[info] i  functions: Beginning execution of "webApi" {"metadata":{"emulator":{"name":"functions"},"function":{"name":"us-central1-webApi"},"extension":{},"message":"Beginning execution of \"webApi\""}}
[debug] [2022-03-30T15:54:28.644Z] [runtime-status] [4964] Running webApi in signature http {"metadata":{"emulator":{"name":"functions"},"function":{"name":"us-central1-webApi"},"extension":{},"message":"[runtime-status] [4964] Running webApi in signature http"}}
[debug] [2022-03-30T15:54:28.644Z] [runtime-status] [4964] Attempting to listen to socketPath: \\?\pipe\L:\_store-site\Nkululeko Store\business-clothing-site\functions\4964 {"metadata":{"emulator":{"name":"functions"},"function":{"name":"us-central1-webApi"},"extension":{},"message":"[runtime-status] [4964] Attempting to listen to socketPath: \\\\?\\pipe\\L:\\_store-site\\Nkululeko Store\\business-clothing-site\\functions\\4964"}}
[debug] [2022-03-30T15:54:28.648Z] [functions] Runtime ready! Sending request! {"metadata":{"emulator":{"name":"functions"},"message":"[functions] Runtime ready! Sending request!"}}
[debug] [2022-03-30T15:54:28.648Z] [functions] Got req.url=/nkululeko-store/us-central1/webApi, mapping to path=/ {"metadata":{"emulator":{"name":"functions"},"message":"[functions] Got req.url=/nkululeko-store/us-central1/webApi, mapping to path=/"}}
[debug] [2022-03-30T15:54:28.651Z] [runtime-status] [4964] Ephemeral server handling GET request {"metadata":{"emulator":{"name":"functions"},"function":{"name":"us-central1-webApi"},"extension":{},"message":"[runtime-status] [4964] Ephemeral server handling GET request"}}
[debug] [2022-03-30T15:54:28.995Z] [runtime-status] [4964] Ephemeral server survived. {"metadata":{"emulator":{"name":"functions"},"function":{"name":"us-central1-webApi"},"extension":{},"message":"[runtime-status] [4964] Ephemeral server survived."}}
[info] i  functions: Finished "webApi" in ~1s {"metadata":{"emulator":{"name":"functions"},"function":{"name":"us-central1-webApi"},"extension":{},"message":"Finished \"webApi\" in ~1s"}}
[debug] [2022-03-30T15:54:28.997Z] [worker-us-central1-webApi-7a0078a7-199a-4d6f-8414-de00ec93b780]: IDLE {"metadata":{"emulator":{"name":"functions"},"message":"[worker-us-central1-webApi-7a0078a7-199a-4d6f-8414-de00ec93b780]: IDLE"}}
[debug] [2022-03-30T15:54:28.998Z] [work-queue] {"queueLength":0,"workRunningCount":0}
[debug] [2022-03-30T15:55:56.016Z] [work-queue] {"queueLength":1,"workRunningCount":0}
[debug] [2022-03-30T15:55:56.017Z] [work-queue] {"queueLength":0,"workRunningCount":1}
[debug] [2022-03-30T15:55:56.017Z] Accepted request GET /nkululeko-store/us-central1/webApi --> us-central1-webApi
[debug] [2022-03-30T15:55:56.017Z] [worker-pool] submitWork(triggerId=us-central1-webApi) {"metadata":{"emulator":{"name":"functions"},"message":"[worker-pool] submitWork(triggerId=us-central1-webApi)"}}
[debug] [2022-03-30T15:55:56.017Z] [worker-us-central1-webApi-7a0078a7-199a-4d6f-8414-de00ec93b780]: Assigning socketPath: \\?\pipe\L:\_store-site\Nkululeko Store\business-clothing-site\functions\4964 {"metadata":{"emulator":{"name":"functions"},"message":"[worker-us-central1-webApi-7a0078a7-199a-4d6f-8414-de00ec93b780]: Assigning socketPath: \\\\?\\pipe\\L:\\_store-site\\Nkululeko Store\\business-clothing-site\\functions\\4964"}}
[debug] [2022-03-30T15:55:56.018Z] [worker-us-central1-webApi-7a0078a7-199a-4d6f-8414-de00ec93b780]: BUSY {"metadata":{"emulator":{"name":"functions"},"message":"[worker-us-central1-webApi-7a0078a7-199a-4d6f-8414-de00ec93b780]: BUSY"}}
[debug] [2022-03-30T15:55:56.018Z] [runtime-status] [4964] Beginning invocation function webApi! {"metadata":{"emulator":{"name":"functions"},"function":{"name":"us-central1-webApi"},"extension":{},"message":"[runtime-status] [4964] Beginning invocation function webApi!"}}
[info] i  functions: Beginning execution of "webApi" {"metadata":{"emulator":{"name":"functions"},"function":{"name":"us-central1-webApi"},"extension":{},"message":"Beginning execution of \"webApi\""}}
[debug] [2022-03-30T15:55:56.021Z] [runtime-status] [4964] Running webApi in signature http {"metadata":{"emulator":{"name":"functions"},"function":{"name":"us-central1-webApi"},"extension":{},"message":"[runtime-status] [4964] Running webApi in signature http"}}
[debug] [2022-03-30T15:55:56.021Z] [runtime-status] [4964] Attempting to listen to socketPath: \\?\pipe\L:\_store-site\Nkululeko Store\business-clothing-site\functions\4964 {"metadata":{"emulator":{"name":"functions"},"function":{"name":"us-central1-webApi"},"extension":{},"message":"[runtime-status] [4964] Attempting to listen to socketPath: \\\\?\\pipe\\L:\\_store-site\\Nkululeko Store\\business-clothing-site\\functions\\4964"}}
[debug] [2022-03-30T15:55:56.024Z] [functions] Runtime ready! Sending request! {"metadata":{"emulator":{"name":"functions"},"message":"[functions] Runtime ready! Sending request!"}}
[debug] [2022-03-30T15:55:56.025Z] [functions] Got req.url=/nkululeko-store/us-central1/webApi, mapping to path=/ {"metadata":{"emulator":{"name":"functions"},"message":"[functions] Got req.url=/nkululeko-store/us-central1/webApi, mapping to path=/"}}
[debug] [2022-03-30T15:55:56.027Z] [runtime-status] [4964] Ephemeral server handling GET request {"metadata":{"emulator":{"name":"functions"},"function":{"name":"us-central1-webApi"},"extension":{},"message":"[runtime-status] [4964] Ephemeral server handling GET request"}}
[debug] [2022-03-30T15:55:56.378Z] [runtime-status] [4964] Ephemeral server survived. {"metadata":{"emulator":{"name":"functions"},"function":{"name":"us-central1-webApi"},"extension":{},"message":"[runtime-status] [4964] Ephemeral server survived."}}
[info] i  functions: Finished "webApi" in ~1s {"metadata":{"emulator":{"name":"functions"},"function":{"name":"us-central1-webApi"},"extension":{},"message":"Finished \"webApi\" in ~1s"}}
[debug] [2022-03-30T15:55:56.380Z] [worker-us-central1-webApi-7a0078a7-199a-4d6f-8414-de00ec93b780]: IDLE {"metadata":{"emulator":{"name":"functions"},"message":"[worker-us-central1-webApi-7a0078a7-199a-4d6f-8414-de00ec93b780]: IDLE"}}
[debug] [2022-03-30T15:55:56.381Z] [work-queue] {"queueLength":0,"workRunningCount":0}
[debug] [2022-03-30T15:56:01.226Z] [work-queue] {"queueLength":1,"workRunningCount":0}
[debug] [2022-03-30T15:56:01.226Z] [work-queue] {"queueLength":0,"workRunningCount":1}
[debug] [2022-03-30T15:56:01.227Z] Accepted request GET /nkululeko-store/us-central1/webApi --> us-central1-webApi
[debug] [2022-03-30T15:56:01.227Z] [worker-pool] submitWork(triggerId=us-central1-webApi) {"metadata":{"emulator":{"name":"functions"},"message":"[worker-pool] submitWork(triggerId=us-central1-webApi)"}}
[debug] [2022-03-30T15:56:01.227Z] [worker-us-central1-webApi-7a0078a7-199a-4d6f-8414-de00ec93b780]: Assigning socketPath: \\?\pipe\L:\_store-site\Nkululeko Store\business-clothing-site\functions\4964 {"metadata":{"emulator":{"name":"functions"},"message":"[worker-us-central1-webApi-7a0078a7-199a-4d6f-8414-de00ec93b780]: Assigning socketPath: \\\\?\\pipe\\L:\\_store-site\\Nkululeko Store\\business-clothing-site\\functions\\4964"}}
[debug] [2022-03-30T15:56:01.227Z] [worker-us-central1-webApi-7a0078a7-199a-4d6f-8414-de00ec93b780]: BUSY {"metadata":{"emulator":{"name":"functions"},"message":"[worker-us-central1-webApi-7a0078a7-199a-4d6f-8414-de00ec93b780]: BUSY"}}
[debug] [2022-03-30T15:56:01.228Z] [runtime-status] [4964] Beginning invocation function webApi! {"metadata":{"emulator":{"name":"functions"},"function":{"name":"us-central1-webApi"},"extension":{},"message":"[runtime-status] [4964] Beginning invocation function webApi!"}}
[info] i  functions: Beginning execution of "webApi" {"metadata":{"emulator":{"name":"functions"},"function":{"name":"us-central1-webApi"},"extension":{},"message":"Beginning execution of \"webApi\""}}
[debug] [2022-03-30T15:56:01.232Z] [runtime-status] [4964] Running webApi in signature http {"metadata":{"emulator":{"name":"functions"},"function":{"name":"us-central1-webApi"},"extension":{},"message":"[runtime-status] [4964] Running webApi in signature http"}}
[debug] [2022-03-30T15:56:01.233Z] [runtime-status] [4964] Attempting to listen to socketPath: \\?\pipe\L:\_store-site\Nkululeko Store\business-clothing-site\functions\4964 {"metadata":{"emulator":{"name":"functions"},"function":{"name":"us-central1-webApi"},"extension":{},"message":"[runtime-status] [4964] Attempting to listen to socketPath: \\\\?\\pipe\\L:\\_store-site\\Nkululeko Store\\business-clothing-site\\functions\\4964"}}
[debug] [2022-03-30T15:56:01.238Z] [functions] Runtime ready! Sending request! {"metadata":{"emulator":{"name":"functions"},"message":"[functions] Runtime ready! Sending request!"}}
[debug] [2022-03-30T15:56:01.238Z] [functions] Got req.url=/nkululeko-store/us-central1/webApi, mapping to path=/ {"metadata":{"emulator":{"name":"functions"},"message":"[functions] Got req.url=/nkululeko-store/us-central1/webApi, mapping to path=/"}}
[debug] [2022-03-30T15:56:01.241Z] [runtime-status] [4964] Ephemeral server handling GET request {"metadata":{"emulator":{"name":"functions"},"function":{"name":"us-central1-webApi"},"extension":{},"message":"[runtime-status] [4964] Ephemeral server handling GET request"}}
[debug] [2022-03-30T15:56:01.590Z] [runtime-status] [4964] Ephemeral server survived. {"metadata":{"emulator":{"name":"functions"},"function":{"name":"us-central1-webApi"},"extension":{},"message":"[runtime-status] [4964] Ephemeral server survived."}}
[info] i  functions: Finished "webApi" in ~1s {"metadata":{"emulator":{"name":"functions"},"function":{"name":"us-central1-webApi"},"extension":{},"message":"Finished \"webApi\" in ~1s"}}
[debug] [2022-03-30T15:56:01.593Z] [worker-us-central1-webApi-7a0078a7-199a-4d6f-8414-de00ec93b780]: IDLE {"metadata":{"emulator":{"name":"functions"},"message":"[worker-us-central1-webApi-7a0078a7-199a-4d6f-8414-de00ec93b780]: IDLE"}}
[debug] [2022-03-30T15:56:01.594Z] [work-queue] {"queueLength":0,"workRunningCount":0}
[debug] [2022-03-30T15:56:22.993Z] [work-queue] {"queueLength":1,"workRunningCount":0}
[debug] [2022-03-30T15:56:22.994Z] [work-queue] {"queueLength":0,"workRunningCount":1}
[debug] [2022-03-30T15:56:22.994Z] Accepted request GET /nkululeko-store/us-central1/webApi --> us-central1-webApi
[debug] [2022-03-30T15:56:22.994Z] [worker-pool] submitWork(triggerId=us-central1-webApi) {"metadata":{"emulator":{"name":"functions"},"message":"[worker-pool] submitWork(triggerId=us-central1-webApi)"}}
[debug] [2022-03-30T15:56:22.994Z] [worker-us-central1-webApi-7a0078a7-199a-4d6f-8414-de00ec93b780]: Assigning socketPath: \\?\pipe\L:\_store-site\Nkululeko Store\business-clothing-site\functions\4964 {"metadata":{"emulator":{"name":"functions"},"message":"[worker-us-central1-webApi-7a0078a7-199a-4d6f-8414-de00ec93b780]: Assigning socketPath: \\\\?\\pipe\\L:\\_store-site\\Nkululeko Store\\business-clothing-site\\functions\\4964"}}
[debug] [2022-03-30T15:56:22.994Z] [worker-us-central1-webApi-7a0078a7-199a-4d6f-8414-de00ec93b780]: BUSY {"metadata":{"emulator":{"name":"functions"},"message":"[worker-us-central1-webApi-7a0078a7-199a-4d6f-8414-de00ec93b780]: BUSY"}}
[debug] [2022-03-30T15:56:22.995Z] [runtime-status] [4964] Beginning invocation function webApi! {"metadata":{"emulator":{"name":"functions"},"function":{"name":"us-central1-webApi"},"extension":{},"message":"[runtime-status] [4964] Beginning invocation function webApi!"}}
[info] i  functions: Beginning execution of "webApi" {"metadata":{"emulator":{"name":"functions"},"function":{"name":"us-central1-webApi"},"extension":{},"message":"Beginning execution of \"webApi\""}}
[debug] [2022-03-30T15:56:22.997Z] [runtime-status] [4964] Running webApi in signature http {"metadata":{"emulator":{"name":"functions"},"function":{"name":"us-central1-webApi"},"extension":{},"message":"[runtime-status] [4964] Running webApi in signature http"}}
[debug] [2022-03-30T15:56:22.998Z] [runtime-status] [4964] Attempting to listen to socketPath: \\?\pipe\L:\_store-site\Nkululeko Store\business-clothing-site\functions\4964 {"metadata":{"emulator":{"name":"functions"},"function":{"name":"us-central1-webApi"},"extension":{},"message":"[runtime-status] [4964] Attempting to listen to socketPath: \\\\?\\pipe\\L:\\_store-site\\Nkululeko Store\\business-clothing-site\\functions\\4964"}}
[debug] [2022-03-30T15:56:23.002Z] [functions] Runtime ready! Sending request! {"metadata":{"emulator":{"name":"functions"},"message":"[functions] Runtime ready! Sending request!"}}
[debug] [2022-03-30T15:56:23.003Z] [functions] Got req.url=/nkululeko-store/us-central1/webApi, mapping to path=/ {"metadata":{"emulator":{"name":"functions"},"message":"[functions] Got req.url=/nkululeko-store/us-central1/webApi, mapping to path=/"}}
[debug] [2022-03-30T15:56:23.005Z] [runtime-status] [4964] Ephemeral server handling GET request {"metadata":{"emulator":{"name":"functions"},"function":{"name":"us-central1-webApi"},"extension":{},"message":"[runtime-status] [4964] Ephemeral server handling GET request"}}
[debug] [2022-03-30T15:56:23.345Z] [runtime-status] [4964] Ephemeral server survived. {"metadata":{"emulator":{"name":"functions"},"function":{"name":"us-central1-webApi"},"extension":{},"message":"[runtime-status] [4964] Ephemeral server survived."}}
[info] i  functions: Finished "webApi" in ~1s {"metadata":{"emulator":{"name":"functions"},"function":{"name":"us-central1-webApi"},"extension":{},"message":"Finished \"webApi\" in ~1s"}}
[debug] [2022-03-30T15:56:23.350Z] [worker-us-central1-webApi-7a0078a7-199a-4d6f-8414-de00ec93b780]: IDLE {"metadata":{"emulator":{"name":"functions"},"message":"[worker-us-central1-webApi-7a0078a7-199a-4d6f-8414-de00ec93b780]: IDLE"}}
[debug] [2022-03-30T15:56:23.350Z] [work-queue] {"queueLength":0,"workRunningCount":0}
[debug] [2022-03-30T15:56:33.032Z] [work-queue] {"queueLength":1,"workRunningCount":0}
[debug] [2022-03-30T15:56:33.033Z] [work-queue] {"queueLength":0,"workRunningCount":1}
[debug] [2022-03-30T15:56:33.033Z] Accepted request GET /nkululeko-store/us-central1/webApi --> us-central1-webApi
[debug] [2022-03-30T15:56:33.034Z] [worker-pool] submitWork(triggerId=us-central1-webApi) {"metadata":{"emulator":{"name":"functions"},"message":"[worker-pool] submitWork(triggerId=us-central1-webApi)"}}
[debug] [2022-03-30T15:56:33.034Z] [worker-us-central1-webApi-7a0078a7-199a-4d6f-8414-de00ec93b780]: Assigning socketPath: \\?\pipe\L:\_store-site\Nkululeko Store\business-clothing-site\functions\4964 {"metadata":{"emulator":{"name":"functions"},"message":"[worker-us-central1-webApi-7a0078a7-199a-4d6f-8414-de00ec93b780]: Assigning socketPath: \\\\?\\pipe\\L:\\_store-site\\Nkululeko Store\\business-clothing-site\\functions\\4964"}}
[debug] [2022-03-30T15:56:33.034Z] [worker-us-central1-webApi-7a0078a7-199a-4d6f-8414-de00ec93b780]: BUSY {"metadata":{"emulator":{"name":"functions"},"message":"[worker-us-central1-webApi-7a0078a7-199a-4d6f-8414-de00ec93b780]: BUSY"}}
[debug] [2022-03-30T15:56:33.040Z] [runtime-status] [4964] Beginning invocation function webApi! {"metadata":{"emulator":{"name":"functions"},"function":{"name":"us-central1-webApi"},"extension":{},"message":"[runtime-status] [4964] Beginning invocation function webApi!"}}
[info] i  functions: Beginning execution of "webApi" {"metadata":{"emulator":{"name":"functions"},"function":{"name":"us-central1-webApi"},"extension":{},"message":"Beginning execution of \"webApi\""}}
[debug] [2022-03-30T15:56:33.043Z] [runtime-status] [4964] Running webApi in signature http {"metadata":{"emulator":{"name":"functions"},"function":{"name":"us-central1-webApi"},"extension":{},"message":"[runtime-status] [4964] Running webApi in signature http"}}
[debug] [2022-03-30T15:56:33.045Z] [runtime-status] [4964] Attempting to listen to socketPath: \\?\pipe\L:\_store-site\Nkululeko Store\business-clothing-site\functions\4964 {"metadata":{"emulator":{"name":"functions"},"function":{"name":"us-central1-webApi"},"extension":{},"message":"[runtime-status] [4964] Attempting to listen to socketPath: \\\\?\\pipe\\L:\\_store-site\\Nkululeko Store\\business-clothing-site\\functions\\4964"}}
[debug] [2022-03-30T15:56:33.049Z] [functions] Runtime ready! Sending request! {"metadata":{"emulator":{"name":"functions"},"message":"[functions] Runtime ready! Sending request!"}}
[debug] [2022-03-30T15:56:33.049Z] [functions] Got req.url=/nkululeko-store/us-central1/webApi, mapping to path=/ {"metadata":{"emulator":{"name":"functions"},"message":"[functions] Got req.url=/nkululeko-store/us-central1/webApi, mapping to path=/"}}
[debug] [2022-03-30T15:56:33.053Z] [runtime-status] [4964] Ephemeral server handling GET request {"metadata":{"emulator":{"name":"functions"},"function":{"name":"us-central1-webApi"},"extension":{},"message":"[runtime-status] [4964] Ephemeral server handling GET request"}}
[debug] [2022-03-30T15:56:33.433Z] [runtime-status] [4964] Ephemeral server survived. {"metadata":{"emulator":{"name":"functions"},"function":{"name":"us-central1-webApi"},"extension":{},"message":"[runtime-status] [4964] Ephemeral server survived."}}
[info] i  functions: Finished "webApi" in ~1s {"metadata":{"emulator":{"name":"functions"},"function":{"name":"us-central1-webApi"},"extension":{},"message":"Finished \"webApi\" in ~1s"}}
[debug] [2022-03-30T15:56:33.435Z] [worker-us-central1-webApi-7a0078a7-199a-4d6f-8414-de00ec93b780]: IDLE {"metadata":{"emulator":{"name":"functions"},"message":"[worker-us-central1-webApi-7a0078a7-199a-4d6f-8414-de00ec93b780]: IDLE"}}
[debug] [2022-03-30T15:56:33.436Z] [work-queue] {"queueLength":0,"workRunningCount":0}
[debug] [2022-03-30T15:56:48.167Z] [work-queue] {"queueLength":1,"workRunningCount":0}
[debug] [2022-03-30T15:56:48.167Z] [work-queue] {"queueLength":0,"workRunningCount":1}
[debug] [2022-03-30T15:56:48.168Z] Accepted request GET /nkululeko-store/us-central1/webApi --> us-central1-webApi
[debug] [2022-03-30T15:56:48.168Z] [worker-pool] submitWork(triggerId=us-central1-webApi) {"metadata":{"emulator":{"name":"functions"},"message":"[worker-pool] submitWork(triggerId=us-central1-webApi)"}}
[debug] [2022-03-30T15:56:48.169Z] [worker-us-central1-webApi-7a0078a7-199a-4d6f-8414-de00ec93b780]: Assigning socketPath: \\?\pipe\L:\_store-site\Nkululeko Store\business-clothing-site\functions\4964 {"metadata":{"emulator":{"name":"functions"},"message":"[worker-us-central1-webApi-7a0078a7-199a-4d6f-8414-de00ec93b780]: Assigning socketPath: \\\\?\\pipe\\L:\\_store-site\\Nkululeko Store\\business-clothing-site\\functions\\4964"}}
[debug] [2022-03-30T15:56:48.169Z] [worker-us-central1-webApi-7a0078a7-199a-4d6f-8414-de00ec93b780]: BUSY {"metadata":{"emulator":{"name":"functions"},"message":"[worker-us-central1-webApi-7a0078a7-199a-4d6f-8414-de00ec93b780]: BUSY"}}
[debug] [2022-03-30T15:56:48.170Z] [runtime-status] [4964] Beginning invocation function webApi! {"metadata":{"emulator":{"name":"functions"},"function":{"name":"us-central1-webApi"},"extension":{},"message":"[runtime-status] [4964] Beginning invocation function webApi!"}}
[info] i  functions: Beginning execution of "webApi" {"metadata":{"emulator":{"name":"functions"},"function":{"name":"us-central1-webApi"},"extension":{},"message":"Beginning execution of \"webApi\""}}
[debug] [2022-03-30T15:56:48.172Z] [runtime-status] [4964] Running webApi in signature http {"metadata":{"emulator":{"name":"functions"},"function":{"name":"us-central1-webApi"},"extension":{},"message":"[runtime-status] [4964] Running webApi in signature http"}}
[debug] [2022-03-30T15:56:48.173Z] [runtime-status] [4964] Attempting to listen to socketPath: \\?\pipe\L:\_store-site\Nkululeko Store\business-clothing-site\functions\4964 {"metadata":{"emulator":{"name":"functions"},"function":{"name":"us-central1-webApi"},"extension":{},"message":"[runtime-status] [4964] Attempting to listen to socketPath: \\\\?\\pipe\\L:\\_store-site\\Nkululeko Store\\business-clothing-site\\functions\\4964"}}
[debug] [2022-03-30T15:56:48.176Z] [functions] Runtime ready! Sending request! {"metadata":{"emulator":{"name":"functions"},"message":"[functions] Runtime ready! Sending request!"}}
[debug] [2022-03-30T15:56:48.177Z] [functions] Got req.url=/nkululeko-store/us-central1/webApi, mapping to path=/ {"metadata":{"emulator":{"name":"functions"},"message":"[functions] Got req.url=/nkululeko-store/us-central1/webApi, mapping to path=/"}}
[debug] [2022-03-30T15:56:48.180Z] [runtime-status] [4964] Ephemeral server handling GET request {"metadata":{"emulator":{"name":"functions"},"function":{"name":"us-central1-webApi"},"extension":{},"message":"[runtime-status] [4964] Ephemeral server handling GET request"}}
[debug] [2022-03-30T15:56:48.535Z] [runtime-status] [4964] Ephemeral server survived. {"metadata":{"emulator":{"name":"functions"},"function":{"name":"us-central1-webApi"},"extension":{},"message":"[runtime-status] [4964] Ephemeral server survived."}}
[info] i  functions: Finished "webApi" in ~1s {"metadata":{"emulator":{"name":"functions"},"function":{"name":"us-central1-webApi"},"extension":{},"message":"Finished \"webApi\" in ~1s"}}
[debug] [2022-03-30T15:56:48.545Z] [worker-us-central1-webApi-7a0078a7-199a-4d6f-8414-de00ec93b780]: IDLE {"metadata":{"emulator":{"name":"functions"},"message":"[worker-us-central1-webApi-7a0078a7-199a-4d6f-8414-de00ec93b780]: IDLE"}}
[debug] [2022-03-30T15:56:48.545Z] [work-queue] {"queueLength":0,"workRunningCount":0}
[debug] [2022-03-30T15:59:35.743Z] File L:\_store-site\Nkululeko Store\business-clothing-site\functions\index.js changed, reloading triggers {"metadata":{"emulator":{"name":"functions"},"message":"File L:\\_store-site\\Nkululeko Store\\business-clothing-site\\functions\\index.js changed, reloading triggers"}}
[debug] [2022-03-30T15:59:36.757Z] [worker-pool] Shutting down IDLE worker (us-central1-webApi) {"metadata":{"emulator":{"name":"functions"},"message":"[worker-pool] Shutting down IDLE worker (us-central1-webApi)"}}
[debug] [2022-03-30T15:59:36.758Z] [worker-us-central1-webApi-7a0078a7-199a-4d6f-8414-de00ec93b780]: FINISHING {"metadata":{"emulator":{"name":"functions"},"message":"[worker-us-central1-webApi-7a0078a7-199a-4d6f-8414-de00ec93b780]: FINISHING"}}
[debug] [2022-03-30T15:59:36.760Z] Validating nodejs source
[debug] [2022-03-30T15:59:39.764Z] > [functions] package.json contents: {
  "name": "functions",
  "description": "Cloud Functions for Firebase",
  "scripts": {
    "serve": "firebase emulators:start --only functions",
    "shell": "firebase functions:shell",
    "start": "npm run shell",
    "deploy": "firebase deploy --only functions",
    "logs": "firebase functions:log"
  },
  "engines": {
    "node": "16"
  },
  "main": "index.js",
  "dependencies": {
    "body-parser": "^1.19.2",
    "express": "^4.17.3",
    "firebase-admin": "^10.0.2",
    "firebase-functions": "^3.18.0",
    "firebase-functions-helper": "^0.12.0"
  },
  "devDependencies": {
    "firebase-functions-test": "^0.2.0"
  },
  "private": true
}
[debug] [2022-03-30T15:59:39.765Z] Building nodejs source
[debug] [2022-03-30T15:59:39.765Z] Analyzing nodejs backend spec
[debug] [2022-03-30T15:59:39.769Z] [worker-us-central1-webApi-7a0078a7-199a-4d6f-8414-de00ec93b780]: exited {"metadata":{"emulator":{"name":"functions"},"message":"[worker-us-central1-webApi-7a0078a7-199a-4d6f-8414-de00ec93b780]: exited"}}
[debug] [2022-03-30T15:59:39.769Z] [worker-us-central1-webApi-7a0078a7-199a-4d6f-8414-de00ec93b780]: FINISHED {"metadata":{"emulator":{"name":"functions"},"message":"[worker-us-central1-webApi-7a0078a7-199a-4d6f-8414-de00ec93b780]: FINISHED"}}
[debug] [2022-03-30T15:59:43.651Z] [work-queue] {"queueLength":1,"workRunningCount":0}
[debug] [2022-03-30T15:59:43.651Z] [work-queue] {"queueLength":0,"workRunningCount":1}
[debug] [2022-03-30T15:59:43.651Z] Accepted request GET /nkululeko-store/us-central1/webApi --> us-central1-webApi
[debug] [2022-03-30T15:59:43.652Z] [worker-pool] Cleaned up workers for us-central1-webApi: 1 --> 0 {"metadata":{"emulator":{"name":"functions"},"message":"[worker-pool] Cleaned up workers for us-central1-webApi: 1 --> 0"}}
[debug] [2022-03-30T15:59:43.662Z] [worker-pool] addWorker(us-central1-webApi) {"metadata":{"emulator":{"name":"functions"},"message":"[worker-pool] addWorker(us-central1-webApi)"}}
[debug] [2022-03-30T15:59:43.662Z] [worker-pool] Adding worker with key us-central1-webApi, total=1 {"metadata":{"emulator":{"name":"functions"},"message":"[worker-pool] Adding worker with key us-central1-webApi, total=1"}}
[debug] [2022-03-30T15:59:43.662Z] [worker-pool] submitWork(triggerId=us-central1-webApi) {"metadata":{"emulator":{"name":"functions"},"message":"[worker-pool] submitWork(triggerId=us-central1-webApi)"}}
[debug] [2022-03-30T15:59:43.663Z] [worker-us-central1-webApi-8b8fb704-406e-4321-8041-3be940c70b85]: Assigning socketPath: \\?\pipe\L:\_store-site\Nkululeko Store\business-clothing-site\functions\13096 {"metadata":{"emulator":{"name":"functions"},"message":"[worker-us-central1-webApi-8b8fb704-406e-4321-8041-3be940c70b85]: Assigning socketPath: \\\\?\\pipe\\L:\\_store-site\\Nkululeko Store\\business-clothing-site\\functions\\13096"}}
[debug] [2022-03-30T15:59:43.663Z] [worker-us-central1-webApi-8b8fb704-406e-4321-8041-3be940c70b85]: BUSY {"metadata":{"emulator":{"name":"functions"},"message":"[worker-us-central1-webApi-8b8fb704-406e-4321-8041-3be940c70b85]: BUSY"}}
[debug] [2022-03-30T15:59:46.901Z] [runtime-status] [13096] Functions runtime initialized. {"cwd":"L:\\_store-site\\Nkululeko Store\\business-clothing-site\\functions","node_version":"14.16.0"} {"metadata":{"emulator":{"name":"functions"},"function":{"name":"us-central1-webApi"},"extension":{},"message":"[runtime-status] [13096] Functions runtime initialized. {\"cwd\":\"L:\\\\_store-site\\\\Nkululeko Store\\\\business-clothing-site\\\\functions\",\"node_version\":\"14.16.0\"}"}}
[debug] [2022-03-30T15:59:46.904Z] [runtime-status] [13096] Disabled runtime features: undefined {"metadata":{"emulator":{"name":"functions"},"function":{"name":"us-central1-webApi"},"extension":{},"message":"[runtime-status] [13096] Disabled runtime features: undefined"}}
[debug] [2022-03-30T15:59:46.909Z] [runtime-status] [13096] Resolved module firebase-admin {"declared":true,"installed":true,"version":"10.0.2","resolution":"L:\\_store-site\\Nkululeko Store\\business-clothing-site\\functions\\node_modules\\firebase-admin\\lib\\index.js"} {"metadata":{"emulator":{"name":"functions"},"function":{"name":"us-central1-webApi"},"extension":{},"message":"[runtime-status] [13096] Resolved module firebase-admin {\"declared\":true,\"installed\":true,\"version\":\"10.0.2\",\"resolution\":\"L:\\\\_store-site\\\\Nkululeko Store\\\\business-clothing-site\\\\functions\\\\node_modules\\\\firebase-admin\\\\lib\\\\index.js\"}"}}
[debug] [2022-03-30T15:59:46.912Z] [runtime-status] [13096] Resolved module firebase-functions {"declared":true,"installed":true,"version":"3.19.0","resolution":"L:\\_store-site\\Nkululeko Store\\business-clothing-site\\functions\\node_modules\\firebase-functions\\lib\\index.js"} {"metadata":{"emulator":{"name":"functions"},"function":{"name":"us-central1-webApi"},"extension":{},"message":"[runtime-status] [13096] Resolved module firebase-functions {\"declared\":true,\"installed\":true,\"version\":\"3.19.0\",\"resolution\":\"L:\\\\_store-site\\\\Nkululeko Store\\\\business-clothing-site\\\\functions\\\\node_modules\\\\firebase-functions\\\\lib\\\\index.js\"}"}}
[debug] [2022-03-30T15:59:46.913Z] [runtime-status] [13096] Outgoing network have been stubbed. [{"name":"http","status":"mocked"},{"name":"http","status":"mocked"},{"name":"https","status":"mocked"},{"name":"https","status":"mocked"},{"name":"net","status":"mocked"}] {"metadata":{"emulator":{"name":"functions"},"function":{"name":"us-central1-webApi"},"extension":{},"message":"[runtime-status] [13096] Outgoing network have been stubbed. [{\"name\":\"http\",\"status\":\"mocked\"},{\"name\":\"http\",\"status\":\"mocked\"},{\"name\":\"https\",\"status\":\"mocked\"},{\"name\":\"https\",\"status\":\"mocked\"},{\"name\":\"net\",\"status\":\"mocked\"}]"}}
[debug] [2022-03-30T15:59:46.914Z] [runtime-status] [13096] Resolved module firebase-functions {"declared":true,"installed":true,"version":"3.19.0","resolution":"L:\\_store-site\\Nkululeko Store\\business-clothing-site\\functions\\node_modules\\firebase-functions\\lib\\index.js"} {"metadata":{"emulator":{"name":"functions"},"function":{"name":"us-central1-webApi"},"extension":{},"message":"[runtime-status] [13096] Resolved module firebase-functions {\"declared\":true,\"installed\":true,\"version\":\"3.19.0\",\"resolution\":\"L:\\\\_store-site\\\\Nkululeko Store\\\\business-clothing-site\\\\functions\\\\node_modules\\\\firebase-functions\\\\lib\\\\index.js\"}"}}
[debug] [2022-03-30T15:59:46.994Z] [runtime-status] [13096] Checked functions.config() {"config":{}} {"metadata":{"emulator":{"name":"functions"},"function":{"name":"us-central1-webApi"},"extension":{},"message":"[runtime-status] [13096] Checked functions.config() {\"config\":{}}"}}
[debug] [2022-03-30T15:59:46.995Z] [runtime-status] [13096] firebase-functions has been stubbed. {"functionsResolution":{"declared":true,"installed":true,"version":"3.19.0","resolution":"L:\\_store-site\\Nkululeko Store\\business-clothing-site\\functions\\node_modules\\firebase-functions\\lib\\index.js"}} {"metadata":{"emulator":{"name":"functions"},"function":{"name":"us-central1-webApi"},"extension":{},"message":"[runtime-status] [13096] firebase-functions has been stubbed. {\"functionsResolution\":{\"declared\":true,\"installed\":true,\"version\":\"3.19.0\",\"resolution\":\"L:\\\\_store-site\\\\Nkululeko Store\\\\business-clothing-site\\\\functions\\\\node_modules\\\\firebase-functions\\\\lib\\\\index.js\"}}"}}
[debug] [2022-03-30T15:59:46.996Z] [runtime-status] [13096] Resolved module firebase-functions {"declared":true,"installed":true,"version":"3.19.0","resolution":"L:\\_store-site\\Nkululeko Store\\business-clothing-site\\functions\\node_modules\\firebase-functions\\lib\\index.js"} {"metadata":{"emulator":{"name":"functions"},"function":{"name":"us-central1-webApi"},"extension":{},"message":"[runtime-status] [13096] Resolved module firebase-functions {\"declared\":true,\"installed\":true,\"version\":\"3.19.0\",\"resolution\":\"L:\\\\_store-site\\\\Nkululeko Store\\\\business-clothing-site\\\\functions\\\\node_modules\\\\firebase-functions\\\\lib\\\\index.js\"}"}}
[debug] [2022-03-30T15:59:46.999Z] [runtime-status] [13096] Resolved module firebase-admin {"declared":true,"installed":true,"version":"10.0.2","resolution":"L:\\_store-site\\Nkululeko Store\\business-clothing-site\\functions\\node_modules\\firebase-admin\\lib\\index.js"} {"metadata":{"emulator":{"name":"functions"},"function":{"name":"us-central1-webApi"},"extension":{},"message":"[runtime-status] [13096] Resolved module firebase-admin {\"declared\":true,\"installed\":true,\"version\":\"10.0.2\",\"resolution\":\"L:\\\\_store-site\\\\Nkululeko Store\\\\business-clothing-site\\\\functions\\\\node_modules\\\\firebase-admin\\\\lib\\\\index.js\"}"}}
[debug] [2022-03-30T15:59:47.000Z] [runtime-status] [13096] Resolved module firebase-functions {"declared":true,"installed":true,"version":"3.19.0","resolution":"L:\\_store-site\\Nkululeko Store\\business-clothing-site\\functions\\node_modules\\firebase-functions\\lib\\index.js"} {"metadata":{"emulator":{"name":"functions"},"function":{"name":"us-central1-webApi"},"extension":{},"message":"[runtime-status] [13096] Resolved module firebase-functions {\"declared\":true,\"installed\":true,\"version\":\"3.19.0\",\"resolution\":\"L:\\\\_store-site\\\\Nkululeko Store\\\\business-clothing-site\\\\functions\\\\node_modules\\\\firebase-functions\\\\lib\\\\index.js\"}"}}
[debug] [2022-03-30T15:59:47.001Z] [runtime-status] [13096] firebase-admin has been stubbed. {"adminResolution":{"declared":true,"installed":true,"version":"10.0.2","resolution":"L:\\_store-site\\Nkululeko Store\\business-clothing-site\\functions\\node_modules\\firebase-admin\\lib\\index.js"}} {"metadata":{"emulator":{"name":"functions"},"function":{"name":"us-central1-webApi"},"extension":{},"message":"[runtime-status] [13096] firebase-admin has been stubbed. {\"adminResolution\":{\"declared\":true,\"installed\":true,\"version\":\"10.0.2\",\"resolution\":\"L:\\\\_store-site\\\\Nkululeko Store\\\\business-clothing-site\\\\functions\\\\node_modules\\\\firebase-admin\\\\lib\\\\index.js\"}}"}}
[debug] [2022-03-30T15:59:47.209Z] [runtime-status] [13096] initializeApp(DEFAULT) {"storageBucket":"nkululeko-store.appspot.com","databaseURL":"https://nkululeko-store-default-rtdb.firebaseio.com","projectId":"nkululeko-store"} {"metadata":{"emulator":{"name":"functions"},"function":{"name":"us-central1-webApi"},"extension":{},"message":"[runtime-status] [13096] initializeApp(DEFAULT) {\"storageBucket\":\"nkululeko-store.appspot.com\",\"databaseURL\":\"https://nkululeko-store-default-rtdb.firebaseio.com\",\"projectId\":\"nkululeko-store\"}"}}
[debug] [2022-03-30T15:59:47.255Z] [runtime-status] [13096] Beginning invocation function webApi! {"metadata":{"emulator":{"name":"functions"},"function":{"name":"us-central1-webApi"},"extension":{},"message":"[runtime-status] [13096] Beginning invocation function webApi!"}}
[info] i  functions: Beginning execution of "webApi" {"metadata":{"emulator":{"name":"functions"},"function":{"name":"us-central1-webApi"},"extension":{},"message":"Beginning execution of \"webApi\""}}
[debug] [2022-03-30T15:59:47.257Z] [runtime-status] [13096] Running webApi in signature http {"metadata":{"emulator":{"name":"functions"},"function":{"name":"us-central1-webApi"},"extension":{},"message":"[runtime-status] [13096] Running webApi in signature http"}}
[debug] [2022-03-30T15:59:47.266Z] [runtime-status] [13096] Attempting to listen to socketPath: \\?\pipe\L:\_store-site\Nkululeko Store\business-clothing-site\functions\13096 {"metadata":{"emulator":{"name":"functions"},"function":{"name":"us-central1-webApi"},"extension":{},"message":"[runtime-status] [13096] Attempting to listen to socketPath: \\\\?\\pipe\\L:\\_store-site\\Nkululeko Store\\business-clothing-site\\functions\\13096"}}
[debug] [2022-03-30T15:59:47.273Z] [functions] Runtime ready! Sending request! {"metadata":{"emulator":{"name":"functions"},"message":"[functions] Runtime ready! Sending request!"}}
[debug] [2022-03-30T15:59:47.274Z] [functions] Got req.url=/nkululeko-store/us-central1/webApi, mapping to path=/ {"metadata":{"emulator":{"name":"functions"},"message":"[functions] Got req.url=/nkululeko-store/us-central1/webApi, mapping to path=/"}}
[debug] [2022-03-30T15:59:47.284Z] [runtime-status] [13096] Ephemeral server handling GET request {"metadata":{"emulator":{"name":"functions"},"function":{"name":"us-central1-webApi"},"extension":{},"message":"[runtime-status] [13096] Ephemeral server handling GET request"}}
[warn] !  Google API requested!
   - URL: "https://oauth2.googleapis.com/token"
   - Be careful, this may be a production service. {"metadata":{"emulator":{"name":"functions"},"function":{"name":"us-central1-webApi"},"extension":{},"message":"Google API requested!\n   - URL: \"https://oauth2.googleapis.com/token\"\n   - Be careful, this may be a production service."}}
[debug] [2022-03-30T15:59:55.824Z] [runtime-status] [13096] Ephemeral server survived. {"metadata":{"emulator":{"name":"functions"},"function":{"name":"us-central1-webApi"},"extension":{},"message":"[runtime-status] [13096] Ephemeral server survived."}}
[info] i  functions: Finished "webApi" in ~3s {"metadata":{"emulator":{"name":"functions"},"function":{"name":"us-central1-webApi"},"extension":{},"message":"Finished \"webApi\" in ~3s"}}
[debug] [2022-03-30T15:59:55.828Z] [worker-us-central1-webApi-8b8fb704-406e-4321-8041-3be940c70b85]: IDLE {"metadata":{"emulator":{"name":"functions"},"message":"[worker-us-central1-webApi-8b8fb704-406e-4321-8041-3be940c70b85]: IDLE"}}
[debug] [2022-03-30T15:59:55.828Z] [work-queue] {"queueLength":0,"workRunningCount":0}
[info] i  hosting: 127.0.0.1 - - [30/Mar/2022:16:01:06 +0000] "GET / HTTP/1.1" 200 983 "-" "Mozilla/5.0 (Windows NT 10.0; Win64; x64) AppleWebKit/537.36 (KHTML, like Gecko) Chrome/99.0.4844.84 Safari/537.36" {"metadata":{"emulator":{"name":"hosting"},"message":"127.0.0.1 - - [30/Mar/2022:16:01:06 +0000] \"GET / HTTP/1.1\" 200 983 \"-\" \"Mozilla/5.0 (Windows NT 10.0; Win64; x64) AppleWebKit/537.36 (KHTML, like Gecko) Chrome/99.0.4844.84 Safari/537.36\""}}
[info] i  hosting: 127.0.0.1 - - [30/Mar/2022:16:01:06 +0000] "GET /static/js/main.3fcdb88e.js HTTP/1.1" 200 1107372 "http://localhost:5000/" "Mozilla/5.0 (Windows NT 10.0; Win64; x64) AppleWebKit/537.36 (KHTML, like Gecko) Chrome/99.0.4844.84 Safari/537.36" {"metadata":{"emulator":{"name":"hosting"},"message":"127.0.0.1 - - [30/Mar/2022:16:01:06 +0000] \"GET /static/js/main.3fcdb88e.js HTTP/1.1\" 200 1107372 \"http://localhost:5000/\" \"Mozilla/5.0 (Windows NT 10.0; Win64; x64) AppleWebKit/537.36 (KHTML, like Gecko) Chrome/99.0.4844.84 Safari/537.36\""}}
[info] i  hosting: 127.0.0.1 - - [30/Mar/2022:16:01:06 +0000] "GET /static/css/main.0f428b64.css HTTP/1.1" 200 71526 "http://localhost:5000/" "Mozilla/5.0 (Windows NT 10.0; Win64; x64) AppleWebKit/537.36 (KHTML, like Gecko) Chrome/99.0.4844.84 Safari/537.36" {"metadata":{"emulator":{"name":"hosting"},"message":"127.0.0.1 - - [30/Mar/2022:16:01:06 +0000] \"GET /static/css/main.0f428b64.css HTTP/1.1\" 200 71526 \"http://localhost:5000/\" \"Mozilla/5.0 (Windows NT 10.0; Win64; x64) AppleWebKit/537.36 (KHTML, like Gecko) Chrome/99.0.4844.84 Safari/537.36\""}}
[info] i  hosting: 127.0.0.1 - - [30/Mar/2022:16:01:06 +0000] "GET /static/media/Loader.cd6b5b32a69e0ad913f567ecd4f68ccf.svg HTTP/1.1" 200 1881 "http://localhost:5000/" "Mozilla/5.0 (Windows NT 10.0; Win64; x64) AppleWebKit/537.36 (KHTML, like Gecko) Chrome/99.0.4844.84 Safari/537.36" {"metadata":{"emulator":{"name":"hosting"},"message":"127.0.0.1 - - [30/Mar/2022:16:01:06 +0000] \"GET /static/media/Loader.cd6b5b32a69e0ad913f567ecd4f68ccf.svg HTTP/1.1\" 200 1881 \"http://localhost:5000/\" \"Mozilla/5.0 (Windows NT 10.0; Win64; x64) AppleWebKit/537.36 (KHTML, like Gecko) Chrome/99.0.4844.84 Safari/537.36\""}}
[info] i  hosting: 127.0.0.1 - - [30/Mar/2022:16:01:08 +0000] "GET /manifest.json HTTP/1.1" 200 492 "http://localhost:5000/" "Mozilla/5.0 (Windows NT 10.0; Win64; x64) AppleWebKit/537.36 (KHTML, like Gecko) Chrome/99.0.4844.84 Safari/537.36" {"metadata":{"emulator":{"name":"hosting"},"message":"127.0.0.1 - - [30/Mar/2022:16:01:08 +0000] \"GET /manifest.json HTTP/1.1\" 200 492 \"http://localhost:5000/\" \"Mozilla/5.0 (Windows NT 10.0; Win64; x64) AppleWebKit/537.36 (KHTML, like Gecko) Chrome/99.0.4844.84 Safari/537.36\""}}
[info] i  hosting: 127.0.0.1 - - [30/Mar/2022:16:01:08 +0000] "GET /logo192.png HTTP/1.1" 200 5347 "http://localhost:5000/" "Mozilla/5.0 (Windows NT 10.0; Win64; x64) AppleWebKit/537.36 (KHTML, like Gecko) Chrome/99.0.4844.84 Safari/537.36" {"metadata":{"emulator":{"name":"hosting"},"message":"127.0.0.1 - - [30/Mar/2022:16:01:08 +0000] \"GET /logo192.png HTTP/1.1\" 200 5347 \"http://localhost:5000/\" \"Mozilla/5.0 (Windows NT 10.0; Win64; x64) AppleWebKit/537.36 (KHTML, like Gecko) Chrome/99.0.4844.84 Safari/537.36\""}}
[info] i  hosting: 127.0.0.1 - - [30/Mar/2022:16:01:52 +0000] "GET /static/css/main.0f428b64.css.map HTTP/1.1" 200 202129 "-" "Mozilla/5.0 (Windows NT 10.0; Win64; x64) AppleWebKit/537.36 (KHTML, like Gecko) Chrome/99.0.4844.84 Safari/537.36" {"metadata":{"emulator":{"name":"hosting"},"message":"127.0.0.1 - - [30/Mar/2022:16:01:52 +0000] \"GET /static/css/main.0f428b64.css.map HTTP/1.1\" 200 202129 \"-\" \"Mozilla/5.0 (Windows NT 10.0; Win64; x64) AppleWebKit/537.36 (KHTML, like Gecko) Chrome/99.0.4844.84 Safari/537.36\""}}
[info] i  hosting: 127.0.0.1 - - [30/Mar/2022:16:01:52 +0000] "GET /static/js/main.3fcdb88e.js.map HTTP/1.1" 200 6798989 "-" "Mozilla/5.0 (Windows NT 10.0; Win64; x64) AppleWebKit/537.36 (KHTML, like Gecko) Chrome/99.0.4844.84 Safari/537.36" {"metadata":{"emulator":{"name":"hosting"},"message":"127.0.0.1 - - [30/Mar/2022:16:01:52 +0000] \"GET /static/js/main.3fcdb88e.js.map HTTP/1.1\" 200 6798989 \"-\" \"Mozilla/5.0 (Windows NT 10.0; Win64; x64) AppleWebKit/537.36 (KHTML, like Gecko) Chrome/99.0.4844.84 Safari/537.36\""}}
[debug] [2022-03-30T16:12:52.846Z] File L:\_store-site\Nkululeko Store\business-clothing-site\functions\index.js changed, reloading triggers {"metadata":{"emulator":{"name":"functions"},"message":"File L:\\_store-site\\Nkululeko Store\\business-clothing-site\\functions\\index.js changed, reloading triggers"}}
[debug] [2022-03-30T16:12:53.846Z] [worker-pool] Shutting down IDLE worker (us-central1-webApi) {"metadata":{"emulator":{"name":"functions"},"message":"[worker-pool] Shutting down IDLE worker (us-central1-webApi)"}}
[debug] [2022-03-30T16:12:53.847Z] [worker-us-central1-webApi-8b8fb704-406e-4321-8041-3be940c70b85]: FINISHING {"metadata":{"emulator":{"name":"functions"},"message":"[worker-us-central1-webApi-8b8fb704-406e-4321-8041-3be940c70b85]: FINISHING"}}
[debug] [2022-03-30T16:12:53.848Z] Validating nodejs source
[debug] [2022-03-30T16:12:56.431Z] > [functions] package.json contents: {
  "name": "functions",
  "description": "Cloud Functions for Firebase",
  "scripts": {
    "serve": "firebase emulators:start --only functions",
    "shell": "firebase functions:shell",
    "start": "npm run shell",
    "deploy": "firebase deploy --only functions",
    "logs": "firebase functions:log"
  },
  "engines": {
    "node": "16"
  },
  "main": "index.js",
  "dependencies": {
    "body-parser": "^1.19.2",
    "express": "^4.17.3",
    "firebase-admin": "^10.0.2",
    "firebase-functions": "^3.18.0",
    "firebase-functions-helper": "^0.12.0"
  },
  "devDependencies": {
    "firebase-functions-test": "^0.2.0"
  },
  "private": true
}
[debug] [2022-03-30T16:12:56.431Z] Building nodejs source
[debug] [2022-03-30T16:12:56.431Z] Analyzing nodejs backend spec
[debug] [2022-03-30T16:12:56.436Z] [worker-us-central1-webApi-8b8fb704-406e-4321-8041-3be940c70b85]: exited {"metadata":{"emulator":{"name":"functions"},"message":"[worker-us-central1-webApi-8b8fb704-406e-4321-8041-3be940c70b85]: exited"}}
[debug] [2022-03-30T16:12:56.436Z] [worker-us-central1-webApi-8b8fb704-406e-4321-8041-3be940c70b85]: FINISHED {"metadata":{"emulator":{"name":"functions"},"message":"[worker-us-central1-webApi-8b8fb704-406e-4321-8041-3be940c70b85]: FINISHED"}}
[info] +  functions[us-central1-app]: http function initialized (http://localhost:5001/nkululeko-store/us-central1/app). {"metadata":{"emulator":{"name":"functions"},"message":"\u001b[1mhttp\u001b[22m function initialized (http://localhost:5001/nkululeko-store/us-central1/app)."}}
[debug] [2022-03-30T16:13:09.122Z] [work-queue] {"queueLength":1,"workRunningCount":0}
[debug] [2022-03-30T16:13:09.122Z] [work-queue] {"queueLength":0,"workRunningCount":1}
[debug] [2022-03-30T16:13:09.122Z] Accepted request GET /nkululeko-store/us-central1/app --> us-central1-app
[debug] [2022-03-30T16:13:09.123Z] [worker-pool] Cleaned up workers for us-central1-webApi: 1 --> 0 {"metadata":{"emulator":{"name":"functions"},"message":"[worker-pool] Cleaned up workers for us-central1-webApi: 1 --> 0"}}
[debug] [2022-03-30T16:13:09.130Z] [worker-pool] addWorker(us-central1-app) {"metadata":{"emulator":{"name":"functions"},"message":"[worker-pool] addWorker(us-central1-app)"}}
[debug] [2022-03-30T16:13:09.130Z] [worker-pool] Adding worker with key us-central1-app, total=1 {"metadata":{"emulator":{"name":"functions"},"message":"[worker-pool] Adding worker with key us-central1-app, total=1"}}
[debug] [2022-03-30T16:13:09.130Z] [worker-pool] submitWork(triggerId=us-central1-app) {"metadata":{"emulator":{"name":"functions"},"message":"[worker-pool] submitWork(triggerId=us-central1-app)"}}
[debug] [2022-03-30T16:13:09.131Z] [worker-us-central1-app-662d020f-2001-4f3d-a80e-b10223df6015]: Assigning socketPath: \\?\pipe\L:\_store-site\Nkululeko Store\business-clothing-site\functions\11396 {"metadata":{"emulator":{"name":"functions"},"message":"[worker-us-central1-app-662d020f-2001-4f3d-a80e-b10223df6015]: Assigning socketPath: \\\\?\\pipe\\L:\\_store-site\\Nkululeko Store\\business-clothing-site\\functions\\11396"}}
[debug] [2022-03-30T16:13:09.131Z] [worker-us-central1-app-662d020f-2001-4f3d-a80e-b10223df6015]: BUSY {"metadata":{"emulator":{"name":"functions"},"message":"[worker-us-central1-app-662d020f-2001-4f3d-a80e-b10223df6015]: BUSY"}}
[debug] [2022-03-30T16:13:11.565Z] [runtime-status] [11396] Functions runtime initialized. {"cwd":"L:\\_store-site\\Nkululeko Store\\business-clothing-site\\functions","node_version":"14.16.0"} {"metadata":{"emulator":{"name":"functions"},"function":{"name":"us-central1-app"},"extension":{},"message":"[runtime-status] [11396] Functions runtime initialized. {\"cwd\":\"L:\\\\_store-site\\\\Nkululeko Store\\\\business-clothing-site\\\\functions\",\"node_version\":\"14.16.0\"}"}}
[debug] [2022-03-30T16:13:11.568Z] [runtime-status] [11396] Disabled runtime features: undefined {"metadata":{"emulator":{"name":"functions"},"function":{"name":"us-central1-app"},"extension":{},"message":"[runtime-status] [11396] Disabled runtime features: undefined"}}
[debug] [2022-03-30T16:13:11.572Z] [runtime-status] [11396] Resolved module firebase-admin {"declared":true,"installed":true,"version":"10.0.2","resolution":"L:\\_store-site\\Nkululeko Store\\business-clothing-site\\functions\\node_modules\\firebase-admin\\lib\\index.js"} {"metadata":{"emulator":{"name":"functions"},"function":{"name":"us-central1-app"},"extension":{},"message":"[runtime-status] [11396] Resolved module firebase-admin {\"declared\":true,\"installed\":true,\"version\":\"10.0.2\",\"resolution\":\"L:\\\\_store-site\\\\Nkululeko Store\\\\business-clothing-site\\\\functions\\\\node_modules\\\\firebase-admin\\\\lib\\\\index.js\"}"}}
[debug] [2022-03-30T16:13:11.575Z] [runtime-status] [11396] Resolved module firebase-functions {"declared":true,"installed":true,"version":"3.19.0","resolution":"L:\\_store-site\\Nkululeko Store\\business-clothing-site\\functions\\node_modules\\firebase-functions\\lib\\index.js"} {"metadata":{"emulator":{"name":"functions"},"function":{"name":"us-central1-app"},"extension":{},"message":"[runtime-status] [11396] Resolved module firebase-functions {\"declared\":true,\"installed\":true,\"version\":\"3.19.0\",\"resolution\":\"L:\\\\_store-site\\\\Nkululeko Store\\\\business-clothing-site\\\\functions\\\\node_modules\\\\firebase-functions\\\\lib\\\\index.js\"}"}}
[debug] [2022-03-30T16:13:11.576Z] [runtime-status] [11396] Outgoing network have been stubbed. [{"name":"http","status":"mocked"},{"name":"http","status":"mocked"},{"name":"https","status":"mocked"},{"name":"https","status":"mocked"},{"name":"net","status":"mocked"}] {"metadata":{"emulator":{"name":"functions"},"function":{"name":"us-central1-app"},"extension":{},"message":"[runtime-status] [11396] Outgoing network have been stubbed. [{\"name\":\"http\",\"status\":\"mocked\"},{\"name\":\"http\",\"status\":\"mocked\"},{\"name\":\"https\",\"status\":\"mocked\"},{\"name\":\"https\",\"status\":\"mocked\"},{\"name\":\"net\",\"status\":\"mocked\"}]"}}
[debug] [2022-03-30T16:13:11.577Z] [runtime-status] [11396] Resolved module firebase-functions {"declared":true,"installed":true,"version":"3.19.0","resolution":"L:\\_store-site\\Nkululeko Store\\business-clothing-site\\functions\\node_modules\\firebase-functions\\lib\\index.js"} {"metadata":{"emulator":{"name":"functions"},"function":{"name":"us-central1-app"},"extension":{},"message":"[runtime-status] [11396] Resolved module firebase-functions {\"declared\":true,\"installed\":true,\"version\":\"3.19.0\",\"resolution\":\"L:\\\\_store-site\\\\Nkululeko Store\\\\business-clothing-site\\\\functions\\\\node_modules\\\\firebase-functions\\\\lib\\\\index.js\"}"}}
[debug] [2022-03-30T16:13:11.652Z] [runtime-status] [11396] Checked functions.config() {"config":{}} {"metadata":{"emulator":{"name":"functions"},"function":{"name":"us-central1-app"},"extension":{},"message":"[runtime-status] [11396] Checked functions.config() {\"config\":{}}"}}
[debug] [2022-03-30T16:13:11.653Z] [runtime-status] [11396] firebase-functions has been stubbed. {"functionsResolution":{"declared":true,"installed":true,"version":"3.19.0","resolution":"L:\\_store-site\\Nkululeko Store\\business-clothing-site\\functions\\node_modules\\firebase-functions\\lib\\index.js"}} {"metadata":{"emulator":{"name":"functions"},"function":{"name":"us-central1-app"},"extension":{},"message":"[runtime-status] [11396] firebase-functions has been stubbed. {\"functionsResolution\":{\"declared\":true,\"installed\":true,\"version\":\"3.19.0\",\"resolution\":\"L:\\\\_store-site\\\\Nkululeko Store\\\\business-clothing-site\\\\functions\\\\node_modules\\\\firebase-functions\\\\lib\\\\index.js\"}}"}}
[debug] [2022-03-30T16:13:11.654Z] [runtime-status] [11396] Resolved module firebase-functions {"declared":true,"installed":true,"version":"3.19.0","resolution":"L:\\_store-site\\Nkululeko Store\\business-clothing-site\\functions\\node_modules\\firebase-functions\\lib\\index.js"} {"metadata":{"emulator":{"name":"functions"},"function":{"name":"us-central1-app"},"extension":{},"message":"[runtime-status] [11396] Resolved module firebase-functions {\"declared\":true,\"installed\":true,\"version\":\"3.19.0\",\"resolution\":\"L:\\\\_store-site\\\\Nkululeko Store\\\\business-clothing-site\\\\functions\\\\node_modules\\\\firebase-functions\\\\lib\\\\index.js\"}"}}
[debug] [2022-03-30T16:13:11.657Z] [runtime-status] [11396] Resolved module firebase-admin {"declared":true,"installed":true,"version":"10.0.2","resolution":"L:\\_store-site\\Nkululeko Store\\business-clothing-site\\functions\\node_modules\\firebase-admin\\lib\\index.js"} {"metadata":{"emulator":{"name":"functions"},"function":{"name":"us-central1-app"},"extension":{},"message":"[runtime-status] [11396] Resolved module firebase-admin {\"declared\":true,\"installed\":true,\"version\":\"10.0.2\",\"resolution\":\"L:\\\\_store-site\\\\Nkululeko Store\\\\business-clothing-site\\\\functions\\\\node_modules\\\\firebase-admin\\\\lib\\\\index.js\"}"}}
[debug] [2022-03-30T16:13:11.658Z] [runtime-status] [11396] Resolved module firebase-functions {"declared":true,"installed":true,"version":"3.19.0","resolution":"L:\\_store-site\\Nkululeko Store\\business-clothing-site\\functions\\node_modules\\firebase-functions\\lib\\index.js"} {"metadata":{"emulator":{"name":"functions"},"function":{"name":"us-central1-app"},"extension":{},"message":"[runtime-status] [11396] Resolved module firebase-functions {\"declared\":true,\"installed\":true,\"version\":\"3.19.0\",\"resolution\":\"L:\\\\_store-site\\\\Nkululeko Store\\\\business-clothing-site\\\\functions\\\\node_modules\\\\firebase-functions\\\\lib\\\\index.js\"}"}}
[debug] [2022-03-30T16:13:11.658Z] [runtime-status] [11396] firebase-admin has been stubbed. {"adminResolution":{"declared":true,"installed":true,"version":"10.0.2","resolution":"L:\\_store-site\\Nkululeko Store\\business-clothing-site\\functions\\node_modules\\firebase-admin\\lib\\index.js"}} {"metadata":{"emulator":{"name":"functions"},"function":{"name":"us-central1-app"},"extension":{},"message":"[runtime-status] [11396] firebase-admin has been stubbed. {\"adminResolution\":{\"declared\":true,\"installed\":true,\"version\":\"10.0.2\",\"resolution\":\"L:\\\\_store-site\\\\Nkululeko Store\\\\business-clothing-site\\\\functions\\\\node_modules\\\\firebase-admin\\\\lib\\\\index.js\"}}"}}
[debug] [2022-03-30T16:13:11.867Z] [runtime-status] [11396] Beginning invocation function app! {"metadata":{"emulator":{"name":"functions"},"function":{"name":"us-central1-app"},"extension":{},"message":"[runtime-status] [11396] Beginning invocation function app!"}}
[info] i  functions: Beginning execution of "app" {"metadata":{"emulator":{"name":"functions"},"function":{"name":"us-central1-app"},"extension":{},"message":"Beginning execution of \"app\""}}
[debug] [2022-03-30T16:13:11.868Z] [runtime-status] [11396] Running app in signature http {"metadata":{"emulator":{"name":"functions"},"function":{"name":"us-central1-app"},"extension":{},"message":"[runtime-status] [11396] Running app in signature http"}}
[debug] [2022-03-30T16:13:11.875Z] [runtime-status] [11396] Attempting to listen to socketPath: \\?\pipe\L:\_store-site\Nkululeko Store\business-clothing-site\functions\11396 {"metadata":{"emulator":{"name":"functions"},"function":{"name":"us-central1-app"},"extension":{},"message":"[runtime-status] [11396] Attempting to listen to socketPath: \\\\?\\pipe\\L:\\_store-site\\Nkululeko Store\\business-clothing-site\\functions\\11396"}}
[debug] [2022-03-30T16:13:11.884Z] [functions] Runtime ready! Sending request! {"metadata":{"emulator":{"name":"functions"},"message":"[functions] Runtime ready! Sending request!"}}
[debug] [2022-03-30T16:13:11.885Z] [functions] Got req.url=/nkululeko-store/us-central1/app, mapping to path=/ {"metadata":{"emulator":{"name":"functions"},"message":"[functions] Got req.url=/nkululeko-store/us-central1/app, mapping to path=/"}}
[debug] [2022-03-30T16:13:11.894Z] [runtime-status] [11396] Ephemeral server handling GET request {"metadata":{"emulator":{"name":"functions"},"function":{"name":"us-central1-app"},"extension":{},"message":"[runtime-status] [11396] Ephemeral server handling GET request"}}
[debug] [2022-03-30T16:13:11.906Z] [runtime-status] [11396] Ephemeral server survived. {"metadata":{"emulator":{"name":"functions"},"function":{"name":"us-central1-app"},"extension":{},"message":"[runtime-status] [11396] Ephemeral server survived."}}
[info] i  functions: Finished "app" in ~1s {"metadata":{"emulator":{"name":"functions"},"function":{"name":"us-central1-app"},"extension":{},"message":"Finished \"app\" in ~1s"}}
[debug] [2022-03-30T16:13:11.912Z] [worker-us-central1-app-662d020f-2001-4f3d-a80e-b10223df6015]: IDLE {"metadata":{"emulator":{"name":"functions"},"message":"[worker-us-central1-app-662d020f-2001-4f3d-a80e-b10223df6015]: IDLE"}}
[debug] [2022-03-30T16:13:11.913Z] [work-queue] {"queueLength":0,"workRunningCount":0}
[debug] [2022-03-30T16:13:51.866Z] [work-queue] {"queueLength":1,"workRunningCount":0}
[debug] [2022-03-30T16:13:51.866Z] [work-queue] {"queueLength":0,"workRunningCount":1}
[debug] [2022-03-30T16:13:51.866Z] Accepted request GET /nkululeko-store/us-central1/app --> us-central1-app
[debug] [2022-03-30T16:13:51.866Z] [worker-pool] submitWork(triggerId=us-central1-app) {"metadata":{"emulator":{"name":"functions"},"message":"[worker-pool] submitWork(triggerId=us-central1-app)"}}
[debug] [2022-03-30T16:13:51.867Z] [worker-us-central1-app-662d020f-2001-4f3d-a80e-b10223df6015]: Assigning socketPath: \\?\pipe\L:\_store-site\Nkululeko Store\business-clothing-site\functions\11396 {"metadata":{"emulator":{"name":"functions"},"message":"[worker-us-central1-app-662d020f-2001-4f3d-a80e-b10223df6015]: Assigning socketPath: \\\\?\\pipe\\L:\\_store-site\\Nkululeko Store\\business-clothing-site\\functions\\11396"}}
[debug] [2022-03-30T16:13:51.867Z] [worker-us-central1-app-662d020f-2001-4f3d-a80e-b10223df6015]: BUSY {"metadata":{"emulator":{"name":"functions"},"message":"[worker-us-central1-app-662d020f-2001-4f3d-a80e-b10223df6015]: BUSY"}}
[debug] [2022-03-30T16:13:51.868Z] [runtime-status] [11396] Beginning invocation function app! {"metadata":{"emulator":{"name":"functions"},"function":{"name":"us-central1-app"},"extension":{},"message":"[runtime-status] [11396] Beginning invocation function app!"}}
[info] i  functions: Beginning execution of "app" {"metadata":{"emulator":{"name":"functions"},"function":{"name":"us-central1-app"},"extension":{},"message":"Beginning execution of \"app\""}}
[debug] [2022-03-30T16:13:51.870Z] [runtime-status] [11396] Running app in signature http {"metadata":{"emulator":{"name":"functions"},"function":{"name":"us-central1-app"},"extension":{},"message":"[runtime-status] [11396] Running app in signature http"}}
[debug] [2022-03-30T16:13:51.870Z] [runtime-status] [11396] Attempting to listen to socketPath: \\?\pipe\L:\_store-site\Nkululeko Store\business-clothing-site\functions\11396 {"metadata":{"emulator":{"name":"functions"},"function":{"name":"us-central1-app"},"extension":{},"message":"[runtime-status] [11396] Attempting to listen to socketPath: \\\\?\\pipe\\L:\\_store-site\\Nkululeko Store\\business-clothing-site\\functions\\11396"}}
[debug] [2022-03-30T16:13:51.874Z] [functions] Runtime ready! Sending request! {"metadata":{"emulator":{"name":"functions"},"message":"[functions] Runtime ready! Sending request!"}}
[debug] [2022-03-30T16:13:51.875Z] [functions] Got req.url=/nkululeko-store/us-central1/app, mapping to path=/ {"metadata":{"emulator":{"name":"functions"},"message":"[functions] Got req.url=/nkululeko-store/us-central1/app, mapping to path=/"}}
[debug] [2022-03-30T16:13:51.879Z] [runtime-status] [11396] Ephemeral server handling GET request {"metadata":{"emulator":{"name":"functions"},"function":{"name":"us-central1-app"},"extension":{},"message":"[runtime-status] [11396] Ephemeral server handling GET request"}}
[debug] [2022-03-30T16:13:51.883Z] [runtime-status] [11396] Ephemeral server survived. {"metadata":{"emulator":{"name":"functions"},"function":{"name":"us-central1-app"},"extension":{},"message":"[runtime-status] [11396] Ephemeral server survived."}}
[info] i  functions: Finished "app" in ~1s {"metadata":{"emulator":{"name":"functions"},"function":{"name":"us-central1-app"},"extension":{},"message":"Finished \"app\" in ~1s"}}
[debug] [2022-03-30T16:13:51.887Z] [worker-us-central1-app-662d020f-2001-4f3d-a80e-b10223df6015]: IDLE {"metadata":{"emulator":{"name":"functions"},"message":"[worker-us-central1-app-662d020f-2001-4f3d-a80e-b10223df6015]: IDLE"}}
[debug] [2022-03-30T16:13:51.888Z] [work-queue] {"queueLength":0,"workRunningCount":0}
[debug] [2022-03-30T16:13:58.952Z] [work-queue] {"queueLength":1,"workRunningCount":0}
[debug] [2022-03-30T16:13:58.953Z] [work-queue] {"queueLength":0,"workRunningCount":1}
[debug] [2022-03-30T16:13:58.953Z] Accepted request GET /nkululeko-store/us-central1/app --> us-central1-app
[debug] [2022-03-30T16:13:58.953Z] [worker-pool] submitWork(triggerId=us-central1-app) {"metadata":{"emulator":{"name":"functions"},"message":"[worker-pool] submitWork(triggerId=us-central1-app)"}}
[debug] [2022-03-30T16:13:58.954Z] [worker-us-central1-app-662d020f-2001-4f3d-a80e-b10223df6015]: Assigning socketPath: \\?\pipe\L:\_store-site\Nkululeko Store\business-clothing-site\functions\11396 {"metadata":{"emulator":{"name":"functions"},"message":"[worker-us-central1-app-662d020f-2001-4f3d-a80e-b10223df6015]: Assigning socketPath: \\\\?\\pipe\\L:\\_store-site\\Nkululeko Store\\business-clothing-site\\functions\\11396"}}
[debug] [2022-03-30T16:13:58.954Z] [worker-us-central1-app-662d020f-2001-4f3d-a80e-b10223df6015]: BUSY {"metadata":{"emulator":{"name":"functions"},"message":"[worker-us-central1-app-662d020f-2001-4f3d-a80e-b10223df6015]: BUSY"}}
[debug] [2022-03-30T16:13:58.955Z] [runtime-status] [11396] Beginning invocation function app! {"metadata":{"emulator":{"name":"functions"},"function":{"name":"us-central1-app"},"extension":{},"message":"[runtime-status] [11396] Beginning invocation function app!"}}
[info] i  functions: Beginning execution of "app" {"metadata":{"emulator":{"name":"functions"},"function":{"name":"us-central1-app"},"extension":{},"message":"Beginning execution of \"app\""}}
[debug] [2022-03-30T16:13:58.957Z] [runtime-status] [11396] Running app in signature http {"metadata":{"emulator":{"name":"functions"},"function":{"name":"us-central1-app"},"extension":{},"message":"[runtime-status] [11396] Running app in signature http"}}
[debug] [2022-03-30T16:13:58.958Z] [runtime-status] [11396] Attempting to listen to socketPath: \\?\pipe\L:\_store-site\Nkululeko Store\business-clothing-site\functions\11396 {"metadata":{"emulator":{"name":"functions"},"function":{"name":"us-central1-app"},"extension":{},"message":"[runtime-status] [11396] Attempting to listen to socketPath: \\\\?\\pipe\\L:\\_store-site\\Nkululeko Store\\business-clothing-site\\functions\\11396"}}
[debug] [2022-03-30T16:13:58.962Z] [functions] Runtime ready! Sending request! {"metadata":{"emulator":{"name":"functions"},"message":"[functions] Runtime ready! Sending request!"}}
[debug] [2022-03-30T16:13:58.963Z] [functions] Got req.url=/nkululeko-store/us-central1/app, mapping to path=/ {"metadata":{"emulator":{"name":"functions"},"message":"[functions] Got req.url=/nkululeko-store/us-central1/app, mapping to path=/"}}
[debug] [2022-03-30T16:13:58.966Z] [runtime-status] [11396] Ephemeral server handling GET request {"metadata":{"emulator":{"name":"functions"},"function":{"name":"us-central1-app"},"extension":{},"message":"[runtime-status] [11396] Ephemeral server handling GET request"}}
[debug] [2022-03-30T16:13:58.968Z] [runtime-status] [11396] Ephemeral server survived. {"metadata":{"emulator":{"name":"functions"},"function":{"name":"us-central1-app"},"extension":{},"message":"[runtime-status] [11396] Ephemeral server survived."}}
[info] i  functions: Finished "app" in ~1s {"metadata":{"emulator":{"name":"functions"},"function":{"name":"us-central1-app"},"extension":{},"message":"Finished \"app\" in ~1s"}}
[debug] [2022-03-30T16:13:58.972Z] [worker-us-central1-app-662d020f-2001-4f3d-a80e-b10223df6015]: IDLE {"metadata":{"emulator":{"name":"functions"},"message":"[worker-us-central1-app-662d020f-2001-4f3d-a80e-b10223df6015]: IDLE"}}
[debug] [2022-03-30T16:13:58.973Z] [work-queue] {"queueLength":0,"workRunningCount":0}
[info] i  hosting: 127.0.0.1 - - [30/Mar/2022:16:15:57 +0000] "GET /static/css/main.0f428b64.css.map HTTP/1.1" 200 202129 "-" "Mozilla/5.0 (Windows NT 10.0; Win64; x64) AppleWebKit/537.36 (KHTML, like Gecko) Chrome/99.0.4844.84 Safari/537.36" {"metadata":{"emulator":{"name":"hosting"},"message":"127.0.0.1 - - [30/Mar/2022:16:15:57 +0000] \"GET /static/css/main.0f428b64.css.map HTTP/1.1\" 200 202129 \"-\" \"Mozilla/5.0 (Windows NT 10.0; Win64; x64) AppleWebKit/537.36 (KHTML, like Gecko) Chrome/99.0.4844.84 Safari/537.36\""}}
[info] i  hosting: 127.0.0.1 - - [30/Mar/2022:16:15:57 +0000] "GET /static/js/main.3fcdb88e.js.map HTTP/1.1" 200 6798989 "-" "Mozilla/5.0 (Windows NT 10.0; Win64; x64) AppleWebKit/537.36 (KHTML, like Gecko) Chrome/99.0.4844.84 Safari/537.36" {"metadata":{"emulator":{"name":"hosting"},"message":"127.0.0.1 - - [30/Mar/2022:16:15:57 +0000] \"GET /static/js/main.3fcdb88e.js.map HTTP/1.1\" 200 6798989 \"-\" \"Mozilla/5.0 (Windows NT 10.0; Win64; x64) AppleWebKit/537.36 (KHTML, like Gecko) Chrome/99.0.4844.84 Safari/537.36\""}}
